/var/spool/slurmd/job21691/slurm_script: line 15: cd: HeavyBall: No such file or directory
Current directory /home/tomjodrell/HeavyBall
CUDA_VISIBLE_DEVICES 1
/home/tomjodrell/HeavyBall/benchmark/benchmark_runner.py:289: UserWarning: No artists with labels found to put in legend.  Note that artists whose label start with an underscore are ignored when legend() is called with no argument.
  plt.legend()
Running comparison for MNIST
Optimizers: mars-NAdamW
Runs per optimizer: 3
Steps per run: 27000
Optuna trials per run: 20

=== Running mars-NAdamW ===
Run 1/3
running mars-NAdamW
Running: python -m benchmark.MNIST --opt mars-NAdamW --steps 27000 --trials 20 --runtime-limit 992500 --step-hint 27000
{'runtime': 8511.025210380554, 'attempts': 1, 'best_loss': 0.9855, 'loss_trajectory': [2.289463758468628, 0.16196174919605255, 0.14640429615974426, 0.05560880899429321, 0.01442511472851038, 0.03169373422861099, 0.0033126184716820717, 0.027405215427279472, 0.0033893247600644827, 0.0005578071577474475, 0.0015127882361412048, 6.672966992482543e-05, 7.27543156244792e-05, 0.0010421607876196504, 0.0007034207228571177, 0.00024463163572363555, 2.1930670754954917e-06, 0.00018960051238536835, 1.4423124412132893e-05, 0.003206658875569701, 1.9373874238226563e-05, 0.0, 3.816038770310115e-06, 1.2293418194531114e-07, 1.741566819646323e-07, 2.747363794242119e-07, 1.0710177633654894e-07], 'test_accuracies': [0.1306, 0.9582, 0.9672, 0.9715, 0.9712, 0.9734, 0.9752, 0.9774, 0.9777, 0.9787, 0.9797, 0.9808, 0.9819, 0.9819, 0.9819, 0.9812, 0.9819, 0.9824, 0.9842, 0.9842, 0.9846, 0.9848, 0.985, 0.985, 0.9852, 0.9854, 0.9855], 'grad_variances': [], 'config_str': '', 'mean_cond': 0.0, 'std_err_cond': None, 'memory_usage': None, 'steps': 27000, 'optimizer': 'mars-NAdamW', 'seed': 42, 'trials': 20, 'log_file': 'comparison_results/run_mars-NAdamW_42_1757370620849.log', 'success': True}
  ✓ Success - Loss: 0.9855
Run 2/3
running mars-NAdamW
Running: python -m benchmark.MNIST --opt mars-NAdamW --steps 27000 --trials 20 --runtime-limit 992500 --step-hint 27000
{'runtime': 8049.69157743454, 'attempts': 1, 'best_loss': 0.9851, 'loss_trajectory': [2.3067691326141357, 0.1441938430070877, 0.06000002101063728, 0.033127423375844955, 0.07349682599306107, 0.0472576841711998, 0.014808525331318378, 0.02670137956738472, 0.04665043205022812, 0.06253226101398468, 0.014612920582294464, 0.007415644358843565, 0.01544005423784256, 0.014859217219054699, 0.004443235695362091, 0.0011698813177645206, 0.015912311151623726, 0.019285231828689575, 0.005619546864181757, 0.01087889913469553, 0.011561019346117973, 0.0033264632802456617, 0.004592075943946838, 0.002367808949202299, 0.0020182218868285418, 0.003333848435431719, 0.0014697546139359474], 'test_accuracies': [0.0912, 0.9564, 0.9709, 0.9698, 0.9694, 0.9764, 0.9738, 0.9683, 0.9763, 0.9776, 0.9748, 0.976, 0.9755, 0.978, 0.9787, 0.9773, 0.9752, 0.9816, 0.9791, 0.9784, 0.9752, 0.9837, 0.9844, 0.9842, 0.9848, 0.9847, 0.9851], 'grad_variances': [], 'config_str': '', 'mean_cond': 0.0, 'std_err_cond': None, 'memory_usage': None, 'steps': 27000, 'optimizer': 'mars-NAdamW', 'seed': 43, 'trials': 20, 'log_file': 'comparison_results/run_mars-NAdamW_43_1757379136650.log', 'success': True}
  ✓ Success - Loss: 0.9851
Run 3/3
running mars-NAdamW
Running: python -m benchmark.MNIST --opt mars-NAdamW --steps 27000 --trials 20 --runtime-limit 992500 --step-hint 27000
{'runtime': 7731.467489719391, 'attempts': 1, 'best_loss': 0.9849, 'loss_trajectory': [2.2976536750793457, 0.08928514271974564, 0.050566162914037704, 0.07042989879846573, 0.04355455935001373, 0.022445743903517723, 0.0400458499789238, 0.012546123936772346, 0.042284682393074036, 0.020791005343198776, 0.0002097612014040351, 0.0011026895372197032, 0.0012526509817689657, 0.007986513897776604, 0.0013070813147351146, 0.00027499167481437325, 5.887250154046342e-05, 0.0007893644506111741, 2.2283986254478805e-05, 1.712214907456655e-05, 1.991980298043927e-06, 3.4458910391776953e-08, 6.910166121087968e-06, 9.872004369526621e-08, 2.4027980316532194e-07, 6.798643426009221e-08, 4.656611984898973e-09], 'test_accuracies': [0.0756, 0.9519, 0.9631, 0.9671, 0.9644, 0.9732, 0.9739, 0.9735, 0.9753, 0.9783, 0.9788, 0.9795, 0.9799, 0.9781, 0.9797, 0.9815, 0.983, 0.9833, 0.9837, 0.9827, 0.9842, 0.9844, 0.9835, 0.9849, 0.9848, 0.9847, 0.9848], 'grad_variances': [], 'config_str': '', 'mean_cond': 0.0, 'std_err_cond': None, 'memory_usage': None, 'steps': 27000, 'optimizer': 'mars-NAdamW', 'seed': 44, 'trials': 20, 'log_file': 'comparison_results/run_mars-NAdamW_44_1757387191048.log', 'success': True}
  ✓ Success - Loss: 0.9849

=== Aggregating Results ===

Results saved to: comparison_results
Plots: comparison_results/MNIST_*.png
