/var/spool/slurmd/job21690/slurm_script: line 15: cd: HeavyBall: No such file or directory
Current directory /home/tomjodrell/HeavyBall
CUDA_VISIBLE_DEVICES 1
/home/tomjodrell/HeavyBall/benchmark/benchmark_runner.py:289: UserWarning: No artists with labels found to put in legend.  Note that artists whose label start with an underscore are ignored when legend() is called with no argument.
  plt.legend()
Running comparison for Tolstoi_RNN
Optimizers: mars-NAdamW
Runs per optimizer: 3
Steps per run: 27000
Optuna trials per run: 20

=== Running mars-NAdamW ===
Run 1/3
running mars-NAdamW
Running: python -m benchmark.Tolstoi_RNN --opt mars-NAdamW --steps 27000 --trials 20 --runtime-limit 992500 --step-hint 27000
{'runtime': 12271.985795497894, 'attempts': 1, 'best_loss': 0.6046732687379736, 'loss_trajectory': [4.742457389831543, 1.7669135332107544, 1.5964477062225342, 1.5100246667861938, 1.5481995344161987, 1.473449945449829, 1.4020944833755493, 1.4753557443618774, 1.4438602924346924, 1.571306824684143, 1.4593397378921509, 1.4345414638519287, 1.3714096546173096, 1.4264050722122192, 1.43207585811615, 1.461438775062561, 1.3958840370178223, 1.417188286781311, 1.3785560131072998, 1.34376859664917, 1.3702577352523804, 1.371735692024231, 1.3913054466247559, 1.3537238836288452, 1.3893522024154663, 1.3864470720291138, 1.3523054122924805], 'test_accuracies': [0.011158502387466806, 0.5173991020274101, 0.5510821530271716, 0.563464569124988, 0.5704933581634013, 0.5742590486696186, 0.5783691479175898, 0.5804744257530359, 0.5828207122428554, 0.5850427760924869, 0.5859898613998828, 0.5876781614181645, 0.5892979825053374, 0.5914028885094832, 0.592823067174423, 0.5947449082351337, 0.5963962110390516, 0.5981082153027172, 0.5986199791154753, 0.5998048195533686, 0.6012999532112281, 0.6024443260092895, 0.603289870385806, 0.604054355538892, 0.6042287444186573, 0.6044707756091061, 0.6046732687379736], 'grad_variances': [], 'config_str': '', 'mean_cond': 0.0, 'std_err_cond': None, 'memory_usage': None, 'steps': 27000, 'optimizer': 'mars-NAdamW', 'seed': 42, 'trials': 20, 'log_file': 'comparison_results/run_mars-NAdamW_42_1757360379886.log', 'success': True}
  ✓ Success - Loss: 0.6046732687379736
Run 2/3
running mars-NAdamW
Running: python -m benchmark.Tolstoi_RNN --opt mars-NAdamW --steps 27000 --trials 20 --runtime-limit 992500 --step-hint 27000
{'runtime': 12557.405250549316, 'attempts': 1, 'best_loss': 0.6039058709063698, 'loss_trajectory': [4.713720321655273, 1.7838220596313477, 1.5959335565567017, 1.5225800275802612, 1.545174241065979, 1.4795114994049072, 1.4195817708969116, 1.4885272979736328, 1.4232529401779175, 1.5734061002731323, 1.4508980512619019, 1.4294369220733643, 1.3890140056610107, 1.425775170326233, 1.430977463722229, 1.4808611869812012, 1.3902273178100586, 1.4238299131393433, 1.3813657760620117, 1.3359973430633545, 1.3786234855651855, 1.3802646398544312, 1.4050712585449219, 1.349263310432434, 1.392425775527954, 1.386364221572876, 1.344265341758728], 'test_accuracies': [0.00028197206927217124, 0.5177841023527625, 0.5503263749236971, 0.564678040572992, 0.5711544432291069, 0.5740212315672379, 0.5782726576952036, 0.5803365383125676, 0.5826959938276004, 0.5853830017321141, 0.5863440307132654, 0.5881780266293183, 0.5888251990072104, 0.59192422697822, 0.592434751353311, 0.5940849696492702, 0.5959596191208049, 0.5976375388486244, 0.5982338942821642, 0.5998455350807339, 0.6004789187145791, 0.6023101878677644, 0.6025323880555392, 0.6034926114022068, 0.6037466961239686, 0.6037947863054532, 0.6039058709063698], 'grad_variances': [], 'config_str': '', 'mean_cond': 0.0, 'std_err_cond': None, 'memory_usage': None, 'steps': 27000, 'optimizer': 'mars-NAdamW', 'seed': 43, 'trials': 20, 'log_file': 'comparison_results/run_mars-NAdamW_43_1757372656882.log', 'success': True}
  ✓ Success - Loss: 0.6039058709063698
Run 3/3
running mars-NAdamW
Running: python -m benchmark.Tolstoi_RNN --opt mars-NAdamW --steps 27000 --trials 20 --runtime-limit 992500 --step-hint 27000
{'runtime': 10348.092723608017, 'attempts': 1, 'best_loss': 0.6061239375695247, 'loss_trajectory': [4.730321407318115, 1.7891734838485718, 1.5765005350112915, 1.5161141157150269, 1.546398639678955, 1.4848965406417847, 1.4234875440597534, 1.4819365739822388, 1.4245824813842773, 1.5627753734588623, 1.4356952905654907, 1.4088584184646606, 1.3784133195877075, 1.4118385314941406, 1.4356646537780762, 1.450356125831604, 1.4060628414154053, 1.4095112085342407, 1.3499020338058472, 1.3231393098831177, 1.3711345195770264, 1.3824915885925293, 1.3841636180877686, 1.3406107425689697, 1.3889070749282837, 1.3781954050064087, 1.339750051498413], 'test_accuracies': [0.0017785930523321568, 0.5196973912935701, 0.551874339612118, 0.5649404295271235, 0.5717049084830212, 0.5753337650707874, 0.578774196147208, 0.5818912579362743, 0.5840246090348808, 0.5854743792741234, 0.587949412351616, 0.5889783935028677, 0.5898497491688021, 0.5925516303253214, 0.5941053893848361, 0.5965429914447815, 0.5976662318306184, 0.5989037483693648, 0.600575346965082, 0.6016809873360456, 0.6023129146306321, 0.6043832713098067, 0.6045813024630725, 0.6053331143660121, 0.6058183851986354, 0.6061239375695247, 0.6059797599828958], 'grad_variances': [], 'config_str': '', 'mean_cond': 0.0, 'std_err_cond': None, 'memory_usage': None, 'steps': 27000, 'optimizer': 'mars-NAdamW', 'seed': 44, 'trials': 20, 'log_file': 'comparison_results/run_mars-NAdamW_44_1757385219096.log', 'success': True}
  ✓ Success - Loss: 0.6061239375695247

=== Aggregating Results ===

Results saved to: comparison_results
Plots: comparison_results/Tolstoi_RNN_*.png
