/var/spool/slurmd/job20800/slurm_script: line 15: cd: HeavyBall: No such file or directory
Current directory /home/tomjodrell/HeavyBall
CUDA_VISIBLE_DEVICES 1
/home/tomjodrell/HeavyBall/benchmark/benchmark_runner.py:289: UserWarning: No artists with labels found to put in legend.  Note that artists whose label start with an underscore are ignored when legend() is called with no argument.
  plt.legend()
Running comparison for MNIST
Optimizers: AdamW, NAdamW, SFAdamW, ExternalDistributedShampoo
Runs per optimizer: 1
Steps per run: 27000
Optuna trials per run: 5

=== Running AdamW ===
Run 1/1
running AdamW
Running: python -m benchmark.MNIST --opt AdamW --steps 27000 --trials 5 --runtime-limit 7200 --step-hint 27000
{'runtime': 2185.2175209522247, 'attempts': 1, 'best_loss': 0.9804, 'loss_trajectory': [2.294856309890747, 0.2018010914325714, 0.18992368876934052, 0.10225548595190048, 0.09296944737434387, 0.05579245835542679, 0.0695381835103035, 0.0162686537951231, 0.017866073176264763, 0.0082645732909441, 0.027737203985452652, 0.014125100336968899, 0.049992885440588, 0.008191156201064587, 0.005360770970582962, 0.0021547337528318167, 0.017162948846817017, 0.006979776080697775, 0.005470936186611652, 0.007242792751640081, 0.012370249256491661, 0.0019761910662055016, 0.00789765827357769, 0.0034448960795998573, 0.0015009682392701507, 0.006450747139751911, 0.00649345712736249], 'test_accuracies': [0.1058, 0.9383, 0.9573, 0.9652, 0.9718, 0.9738, 0.9755, 0.9777, 0.9762, 0.9778, 0.9771, 0.979, 0.9804, 0.9787, 0.9795, 0.979, 0.9786, 0.9777, 0.9795, 0.98, 0.9797, 0.9798, 0.9801, 0.9798, 0.9801, 0.9799, 0.9798], 'grad_variances': [], 'config_str': '', 'mean_cond': 0.0, 'std_err_cond': None, 'memory_usage': None, 'steps': 27000, 'optimizer': 'AdamW', 'seed': 42, 'trials': 5, 'log_file': 'comparison_results/run_AdamW_42_1755681692894.log', 'success': True}
  ✓ Success - Loss: 0.9804

=== Running NAdamW ===
Run 1/1
running NAdamW
Running: python -m benchmark.MNIST --opt NAdamW --steps 27000 --trials 5 --runtime-limit 7200 --step-hint 27000
{'runtime': 2398.998970746994, 'attempts': 1, 'best_loss': 0.9794, 'loss_trajectory': [2.29733943939209, 1.3949342966079712, 0.38545718789100647, 0.2561251223087311, 0.1562609225511551, 0.1634352058172226, 0.02899654023349285, 0.12336200475692749, 0.13457901775836945, 0.12373265624046326, 0.06804715096950531, 0.029708031564950943, 0.05017050355672836, 0.02699904516339302, 0.012243140488862991, 0.008759943768382072, 0.025921085849404335, 0.020244725048542023, 0.013966034166514874, 0.00988819357007742, 0.021459994837641716, 0.04616400599479675, 0.007446260191500187, 0.01107827853411436, 0.01261902879923582, 0.006190849933773279, 0.03279177471995354], 'test_accuracies': [0.1214, 0.7444, 0.898, 0.9188, 0.9326, 0.9458, 0.9538, 0.9619, 0.9662, 0.9707, 0.9733, 0.9745, 0.973, 0.9758, 0.9779, 0.9779, 0.9785, 0.9758, 0.9772, 0.9756, 0.9746, 0.9731, 0.9794, 0.9734, 0.9782, 0.9755, 0.9746], 'grad_variances': [], 'config_str': '', 'mean_cond': 0.0, 'std_err_cond': None, 'memory_usage': None, 'steps': 27000, 'optimizer': 'NAdamW', 'seed': 42, 'trials': 5, 'log_file': 'comparison_results/run_NAdamW_42_1755683882450.log', 'success': True}
  ✓ Success - Loss: 0.9794

=== Running SFAdamW ===
Run 1/1
running SFAdamW
Running: python -m benchmark.MNIST --opt SFAdamW --steps 27000 --trials 5 --runtime-limit 7200 --step-hint 27000
{'runtime': 2198.3144221305847, 'attempts': 1, 'best_loss': 0.9847, 'loss_trajectory': [2.3021621704101562, 0.04549742490053177, 0.004912259057164192, 0.009807714261114597, 0.0021480361465364695, 0.009849854744970798, 0.0003428286290727556, 0.001130123739130795, 0.0022874614223837852, 0.0005867763538844883, 0.0005308569525368512, 0.00027156047872267663, 0.011669131927192211, 0.001856373273767531, 0.0007824430358596146, 0.0007105139084160328, 0.00035220454446971416, 0.00037064345087856054, 0.0006775074289180338, 0.00013141482486389577, 0.0055227261036634445, 0.0023266186472028494, 0.0009703469695523381, 6.766989827156067e-05, 0.000745612196624279, 0.00031788242631591856, 0.0034537026658654213], 'test_accuracies': [0.0749, 0.9726, 0.9772, 0.9781, 0.9783, 0.9776, 0.9788, 0.979, 0.9823, 0.9811, 0.9797, 0.9796, 0.9784, 0.9806, 0.9822, 0.9806, 0.9814, 0.9819, 0.9816, 0.9821, 0.979, 0.9823, 0.9817, 0.9847, 0.9836, 0.9829, 0.9819], 'grad_variances': [], 'config_str': '', 'mean_cond': 0.0, 'std_err_cond': None, 'memory_usage': None, 'steps': 27000, 'optimizer': 'SFAdamW', 'seed': 42, 'trials': 5, 'log_file': 'comparison_results/run_SFAdamW_42_1755686285968.log', 'success': True}
  ✓ Success - Loss: 0.9847

=== Running ExternalDistributedShampoo ===
Run 1/1
running ExternalDistributedShampoo
Running: python -m benchmark.MNIST --opt ExternalDistributedShampoo --steps 27000 --trials 5 --runtime-limit 7200 --step-hint 27000
{'runtime': 2118.8162348270416, 'attempts': 1, 'best_loss': 0.9824, 'loss_trajectory': [2.2900359630584717, 0.06457538157701492, 0.05339702591300011, 0.03966287523508072, 0.006699546240270138, 0.016840502619743347, 0.0017067057779058814, 0.005600166041404009, 0.0261271670460701, 0.00023292354308068752, 0.006872708909213543, 0.0012066676281392574, 0.0022189554292708635, 0.009126003831624985, 0.0005243445630185306, 2.576138467702549e-05, 0.003333462169393897, 0.0009633421432226896, 0.0003645127289928496, 0.01690610870718956, 0.008256817236542702, 0.00339507800526917, 0.006767315790057182, 0.0004569903830997646, 0.0033469456247985363, 0.010006794705986977, 0.001422232948243618], 'test_accuracies': [0.0996, 0.9714, 0.9774, 0.9695, 0.9783, 0.9745, 0.9789, 0.9766, 0.9792, 0.9772, 0.9793, 0.9786, 0.9761, 0.97, 0.9785, 0.979, 0.9803, 0.9756, 0.9771, 0.9824, 0.9804, 0.9764, 0.9733, 0.9798, 0.9776, 0.9789, 0.9807], 'grad_variances': [], 'config_str': '', 'mean_cond': 0.0, 'std_err_cond': None, 'memory_usage': None, 'steps': 27000, 'optimizer': 'ExternalDistributedShampoo', 'seed': 42, 'trials': 5, 'log_file': 'comparison_results/run_ExternalDistributedShampoo_42_1755688488761.log', 'success': True}
  ✓ Success - Loss: 0.9824

=== Aggregating Results ===

Results saved to: comparison_results
Plots: comparison_results/MNIST_*.png
