/var/spool/slurmd/job21088/slurm_script: line 15: cd: HeavyBall: No such file or directory
Current directory /home/tomjodrell/HeavyBall
CUDA_VISIBLE_DEVICES 0
/home/tomjodrell/HeavyBall/benchmark/benchmark_runner.py:289: UserWarning: No artists with labels found to put in legend.  Note that artists whose label start with an underscore are ignored when legend() is called with no argument.
  plt.legend()
Running comparison for MNIST
Optimizers: NAdamW, SFAdamW
Runs per optimizer: 2
Steps per run: 27000
Optuna trials per run: 20

=== Running NAdamW ===
Run 1/2
running NAdamW
Running: python -m benchmark.MNIST --opt NAdamW --steps 27000 --trials 20 --runtime-limit 227200 --step-hint 27000
{'runtime': 2482.3741178512573, 'attempts': 1, 'best_loss': 0.9786, 'loss_trajectory': [2.3049960136413574, 1.4048941135406494, 0.3720775246620178, 0.2684013843536377, 0.1697482168674469, 0.17970144748687744, 0.0368502102792263, 0.11947739869356155, 0.11459610611200333, 0.143163800239563, 0.08854098618030548, 0.030015738680958748, 0.04484052211046219, 0.022540319710969925, 0.021211832761764526, 0.008194475434720516, 0.027165137231349945, 0.023153290152549744, 0.014212880283594131, 0.028907569125294685, 0.03938628360629082, 0.023362696170806885, 0.013232062570750713, 0.008561280556023121, 0.013248502276837826, 0.01461447961628437, 0.03619493916630745], 'test_accuracies': [0.088, 0.7648, 0.8973, 0.9169, 0.9292, 0.9438, 0.9511, 0.9592, 0.9646, 0.9684, 0.9711, 0.9738, 0.9701, 0.9774, 0.9782, 0.9759, 0.9786, 0.9747, 0.9757, 0.9743, 0.9725, 0.9736, 0.9726, 0.9756, 0.9732, 0.9723, 0.9763], 'grad_variances': [], 'config_str': '', 'mean_cond': 0.0, 'std_err_cond': None, 'memory_usage': None, 'steps': 27000, 'optimizer': 'NAdamW', 'seed': 42, 'trials': 20, 'log_file': 'comparison_results/run_NAdamW_42_1756247621747.log', 'success': True}
  ✓ Success - Loss: 0.9786
Run 2/2
running NAdamW
Running: python -m benchmark.MNIST --opt NAdamW --steps 27000 --trials 20 --runtime-limit 227200 --step-hint 27000
{'runtime': 2521.5409605503082, 'attempts': 1, 'best_loss': 0.9789, 'loss_trajectory': [2.303783893585205, 1.3951092958450317, 0.3692777156829834, 0.23835177719593048, 0.14985695481300354, 0.20012836158275604, 0.0351385697722435, 0.1280282586812973, 0.12022938579320908, 0.14383359253406525, 0.06842321157455444, 0.03087635338306427, 0.0406341589987278, 0.02472781576216221, 0.026210498064756393, 0.012042799033224583, 0.023106694221496582, 0.019836997613310814, 0.012658565305173397, 0.01900871843099594, 0.024573776870965958, 0.0554155670106411, 0.03164085000753403, 0.009776854887604713, 0.005832622293382883, 0.02681626006960869, 0.02127930149435997], 'test_accuracies': [0.0814, 0.7622, 0.8996, 0.9181, 0.9325, 0.9441, 0.9521, 0.9602, 0.9651, 0.9693, 0.9738, 0.9747, 0.9714, 0.9773, 0.977, 0.9775, 0.9788, 0.9776, 0.9789, 0.9758, 0.978, 0.9732, 0.9724, 0.9752, 0.9781, 0.9742, 0.9757], 'grad_variances': [], 'config_str': '', 'mean_cond': 0.0, 'std_err_cond': None, 'memory_usage': None, 'steps': 27000, 'optimizer': 'NAdamW', 'seed': 43, 'trials': 20, 'log_file': 'comparison_results/run_NAdamW_43_1756250108516.log', 'success': True}
  ✓ Success - Loss: 0.9789

=== Running SFAdamW ===
Run 1/2
running SFAdamW
Running: python -m benchmark.MNIST --opt SFAdamW --steps 27000 --trials 20 --runtime-limit 227200 --step-hint 27000
{'runtime': 2279.989670276642, 'attempts': 1, 'best_loss': 0.9834, 'loss_trajectory': [2.286940574645996, 0.049268703907728195, 0.024542082101106644, 0.013430211693048477, 0.0041381181217730045, 0.03311479836702347, 0.0023261636961251497, 0.0033282809890806675, 0.0006184437079355121, 0.00044537513167597353, 0.0006103987107053399, 0.00014488480519503355, 0.0011647733626887202, 0.0012792701600119472, 0.00041729770600795746, 3.212009687558748e-05, 0.003689266974106431, 0.002739942166954279, 8.061385597102344e-05, 0.0029312490951269865, 0.0010838768212124705, 0.0009226095862686634, 0.0018767742440104485, 0.00458051823079586, 0.01283807959407568, 0.0011246332433074713, 0.0013981363736093044], 'test_accuracies': [0.1289, 0.9712, 0.9782, 0.98, 0.9778, 0.9788, 0.9791, 0.9806, 0.9792, 0.981, 0.9819, 0.9792, 0.9804, 0.9771, 0.9801, 0.9797, 0.98, 0.9795, 0.9804, 0.979, 0.9834, 0.9822, 0.9807, 0.9819, 0.9815, 0.9814, 0.9806], 'grad_variances': [], 'config_str': '', 'mean_cond': 0.0, 'std_err_cond': None, 'memory_usage': None, 'steps': 27000, 'optimizer': 'SFAdamW', 'seed': 42, 'trials': 20, 'log_file': 'comparison_results/run_SFAdamW_42_1756252634615.log', 'success': True}
  ✓ Success - Loss: 0.9834
Run 2/2
running SFAdamW
Running: python -m benchmark.MNIST --opt SFAdamW --steps 27000 --trials 20 --runtime-limit 227200 --step-hint 27000
{'runtime': 2255.649593114853, 'attempts': 1, 'best_loss': 0.9837, 'loss_trajectory': [2.2846617698669434, 0.06454380601644516, 0.01984119787812233, 0.010422212071716785, 0.01121320016682148, 0.0015393553767353296, 0.0009875461691990495, 0.005215307231992483, 0.0014956104569137096, 0.0014178771525621414, 0.00609790300950408, 0.0016843912890180945, 0.004182216711342335, 0.021170904859900475, 0.0005138774868100882, 0.0001547949214000255, 0.0015856372192502022, 0.0008234631968662143, 0.0026197517290711403, 0.004128175787627697, 0.011657290160655975, 0.0007325283950194716, 0.002987413899973035, 0.003259410848841071, 0.00025160558288916945, 0.0005707854288630188, 0.0014657271094620228], 'test_accuracies': [0.1193, 0.9722, 0.9792, 0.979, 0.9785, 0.9811, 0.9795, 0.981, 0.98, 0.9813, 0.9817, 0.9816, 0.9795, 0.9605, 0.9812, 0.9793, 0.9806, 0.9816, 0.9812, 0.9814, 0.9823, 0.9812, 0.981, 0.9821, 0.9831, 0.9825, 0.9837], 'grad_variances': [], 'config_str': '', 'mean_cond': 0.0, 'std_err_cond': None, 'memory_usage': None, 'steps': 27000, 'optimizer': 'SFAdamW', 'seed': 43, 'trials': 20, 'log_file': 'comparison_results/run_SFAdamW_43_1756254919228.log', 'success': True}
  ✓ Success - Loss: 0.9837

=== Aggregating Results ===

Results saved to: comparison_results
Plots: comparison_results/MNIST_*.png
