/var/spool/slurmd/job21698/slurm_script: line 15: cd: HeavyBall: No such file or directory
Current directory /home/tomjodrell/HeavyBall
CUDA_VISIBLE_DEVICES 1
/home/tomjodrell/HeavyBall/benchmark/benchmark_runner.py:289: UserWarning: No artists with labels found to put in legend.  Note that artists whose label start with an underscore are ignored when legend() is called with no argument.
  plt.legend()
Running comparison for CIFAR100
Optimizers: SFAdamW
Runs per optimizer: 2
Steps per run: 78000
Optuna trials per run: 20

=== Running SFAdamW ===
Run 1/2
running SFAdamW
Running: python -m benchmark.CIFAR100 --opt SFAdamW --steps 78000 --trials 20 --runtime-limit 992500 --step-hint 78000
{'runtime': 123742.17516851425, 'attempts': 1, 'best_loss': 0.7027, 'loss_trajectory': [4.740781307220459, 2.379115581512451, 1.7611111402511597, 1.0725088119506836, 0.8929051160812378, 0.6459882259368896, 0.38291722536087036, 0.40609627962112427, 0.42173588275909424, 0.4069468080997467, 0.2226017415523529, 0.20982497930526733, 0.23377348482608795, 0.2667207717895508, 0.17193327844142914, 0.17260631918907166, 0.1328217089176178, 0.14483638107776642, 0.18135379254817963, 0.1447855532169342, 0.16479472815990448, 0.0594618059694767, 0.16151908040046692, 0.049223754554986954, 0.08883491158485413, 0.015652744099497795, 0.029119566082954407, 0.13724568486213684, 0.09004626423120499, 0.10998514294624329, 0.04575793817639351, 0.07828181236982346, 0.12646612524986267, 0.09789031744003296, 0.10347490012645721, 0.059748325496912, 0.10175196826457977, 0.05597494915127754, 0.042786456644535065, 0.07028838992118835, 0.08922694623470306, 0.08413653075695038, 0.06390929967164993, 0.026453854516148567, 0.041682418435811996, 0.04671886935830116, 0.07318524271249771, 0.04627972096204758, 0.017117027193307877, 0.15414893627166748, 0.1771763116121292, 0.07969219982624054, 0.047212205827236176, 0.01057453453540802, 0.045234233140945435, 0.08354638516902924, 0.012350380420684814, 0.08938828110694885, 0.09963539242744446, 0.02579287625849247, 0.06786011159420013, 0.09674923121929169, 0.04714300110936165, 0.13702526688575745, 0.02859768085181713, 0.07027208805084229, 0.0033602481707930565, 0.016790293157100677, 0.13689543306827545, 0.06361467391252518, 0.0232431311160326, 0.011454807594418526, 0.049827028065919876, 0.05485391616821289, 0.06245776638388634, 0.07583104819059372, 0.07359734177589417, 0.09475468844175339], 'test_accuracies': [0.0095, 0.3972, 0.5595, 0.6098, 0.6369, 0.6649, 0.6727, 0.6775, 0.6759, 0.6771, 0.6811, 0.6846, 0.6825, 0.6849, 0.6813, 0.682, 0.6792, 0.6873, 0.6854, 0.6873, 0.6864, 0.6863, 0.6829, 0.6852, 0.6905, 0.6852, 0.684, 0.6876, 0.6875, 0.6807, 0.684, 0.6867, 0.6866, 0.6882, 0.6862, 0.6913, 0.6947, 0.6882, 0.6937, 0.6882, 0.6922, 0.6889, 0.6886, 0.6927, 0.6926, 0.6894, 0.6883, 0.693, 0.6936, 0.6924, 0.6924, 0.6905, 0.6955, 0.6958, 0.6952, 0.6984, 0.6982, 0.7019, 0.7004, 0.7026, 0.6973, 0.695, 0.6985, 0.6971, 0.6929, 0.6995, 0.697, 0.6967, 0.7003, 0.7027, 0.6993, 0.7009, 0.6972, 0.7016, 0.6967, 0.6956, 0.6942, 0.6948], 'grad_variances': [], 'config_str': '', 'mean_cond': 0.0, 'std_err_cond': None, 'memory_usage': None, 'steps': 78000, 'optimizer': 'SFAdamW', 'seed': 42, 'trials': 20, 'log_file': 'comparison_results/run_SFAdamW_42_1757402382703.log', 'success': True}
  ✓ Success - Loss: 0.7027
Run 2/2
running SFAdamW
Running: python -m benchmark.CIFAR100 --opt SFAdamW --steps 78000 --trials 20 --runtime-limit 992500 --step-hint 78000
{'runtime': 126712.92206120491, 'attempts': 1, 'best_loss': 0.7015, 'loss_trajectory': [4.761129379272461, 3.0111849308013916, 2.1319708824157715, 1.695363998413086, 1.2372850179672241, 1.0923376083374023, 0.827061116695404, 0.5211169123649597, 0.66646808385849, 0.45775192975997925, 0.42492660880088806, 0.47503018379211426, 0.2825634181499481, 0.1882750689983368, 0.27228644490242004, 0.20108143985271454, 0.20936721563339233, 0.13579368591308594, 0.26512449979782104, 0.25082892179489136, 0.18166059255599976, 0.07767603546380997, 0.1746869683265686, 0.1057545393705368, 0.11360037326812744, 0.11373908817768097, 0.11715904623270035, 0.12038316577672958, 0.13552048802375793, 0.06394146382808685, 0.09737230837345123, 0.267452597618103, 0.11071678251028061, 0.050366610288619995, 0.11238262802362442, 0.056141383945941925, 0.11186198890209198, 0.08031180500984192, 0.04390942305326462, 0.03344811871647835, 0.062233906239271164, 0.0622095912694931, 0.11067388951778412, 0.05975957587361336, 0.04196256026625633, 0.058062098920345306, 0.06852689385414124, 0.06234545633196831, 0.027126826345920563, 0.05683796480298042, 0.06208222731947899, 0.05297726020216942, 0.05108131468296051, 0.03977007791399956, 0.06310684233903885, 0.027885615825653076, 0.03688294067978859, 0.09080029278993607, 0.03316521272063255, 0.11767926812171936, 0.03246212750673294, 0.03146204352378845, 0.026118412613868713, 0.0549171045422554, 0.03031006269156933, 0.013727258890867233, 0.04176876321434975, 0.042248066514730453, 0.11490022391080856, 0.17781402170658112, 0.025584619492292404, 0.10391801595687866, 0.06300497055053711, 0.04552103579044342, 0.02524075284600258, 0.01848391816020012, 0.037932563573122025, 0.06652800738811493], 'test_accuracies': [0.0125, 0.2973, 0.4512, 0.5438, 0.5991, 0.6327, 0.6562, 0.668, 0.6773, 0.6758, 0.6838, 0.6816, 0.6837, 0.6828, 0.687, 0.6917, 0.6944, 0.6893, 0.6882, 0.6894, 0.6867, 0.6882, 0.6877, 0.6883, 0.6868, 0.69, 0.6963, 0.6948, 0.6941, 0.6904, 0.6956, 0.6951, 0.6939, 0.6965, 0.6919, 0.6952, 0.6949, 0.6925, 0.6953, 0.6945, 0.6937, 0.6947, 0.6962, 0.6987, 0.6964, 0.6913, 0.693, 0.6923, 0.6935, 0.6929, 0.6924, 0.6931, 0.6943, 0.6946, 0.6954, 0.6951, 0.6993, 0.6986, 0.7015, 0.6992, 0.7001, 0.6976, 0.6993, 0.7, 0.698, 0.6978, 0.6979, 0.6985, 0.6967, 0.6954, 0.699, 0.6957, 0.6996, 0.6996, 0.7011, 0.6972, 0.7002, 0.6967], 'grad_variances': [], 'config_str': '', 'mean_cond': 0.0, 'std_err_cond': None, 'memory_usage': None, 'steps': 78000, 'optimizer': 'SFAdamW', 'seed': 43, 'trials': 20, 'log_file': 'comparison_results/run_SFAdamW_43_1757526131038.log', 'success': True}
  ✓ Success - Loss: 0.7015

=== Aggregating Results ===

Results saved to: comparison_results
Plots: comparison_results/CIFAR100_*.png
