/var/spool/slurmd/job21506/slurm_script: line 15: cd: HeavyBall: No such file or directory
Current directory /home/tomjodrell/HeavyBall
CUDA_VISIBLE_DEVICES 1
/home/tomjodrell/HeavyBall/benchmark/benchmark_runner.py:289: UserWarning: No artists with labels found to put in legend.  Note that artists whose label start with an underscore are ignored when legend() is called with no argument.
  plt.legend()
Running comparison for CIFAR100
Optimizers: AdamW
Runs per optimizer: 2
Steps per run: 78000
Optuna trials per run: 20

=== Running AdamW ===
Run 1/2
running AdamW
Running: python -m benchmark.CIFAR100 --opt AdamW --steps 78000 --trials 20 --runtime-limit 99744 --step-hint 78000
{'runtime': 99193.68157863617, 'attempts': 1, 'best_loss': 0.7607, 'loss_trajectory': [4.687774658203125, 3.2537403106689453, 2.552194833755493, 2.239156484603882, 1.8009517192840576, 1.299461007118225, 1.3536922931671143, 1.085689902305603, 1.1302701234817505, 1.134556770324707, 0.9352619051933289, 0.8607403039932251, 0.9912427663803101, 0.9255048632621765, 0.7881474494934082, 0.8058142066001892, 0.7651098966598511, 0.7771002650260925, 0.5993430018424988, 0.7717685699462891, 0.5520879030227661, 0.47472408413887024, 0.5927772521972656, 0.37484011054039, 0.5638900399208069, 0.5562364459037781, 0.5256482362747192, 0.6341266632080078, 0.5340240001678467, 0.3508162200450897, 0.5322095155715942, 0.5186655521392822, 0.40473949909210205, 0.4759211838245392, 0.38710272312164307, 0.45718514919281006, 0.4526081681251526, 0.24623167514801025, 0.26782768964767456, 0.2933758795261383, 0.21759486198425293, 0.21698494255542755, 0.25731316208839417, 0.21513192355632782, 0.22423936426639557, 0.23331484198570251, 0.19504186511039734, 0.24481408298015594, 0.17870138585567474, 0.11251498013734818, 0.0923454537987709, 0.35477396845817566, 0.10676690191030502, 0.08365663141012192, 0.05507178232073784, 0.05751070752739906, 0.05603994429111481, 0.08680610358715057, 0.04404734820127487, 0.051821786910295486, 0.07950671017169952, 0.049993015825748444, 0.09342087805271149, 0.03312740847468376, 0.025313030928373337, 0.0451056994497776, 0.023090440779924393, 0.061071448028087616, 0.06364994496107101, 0.03358546271920204, 0.022708330303430557, 0.06220396235585213, 0.04243635758757591, 0.007550537586212158, 0.01422435324639082, 0.01828569918870926, 0.007307957857847214, 0.048015087842941284], 'test_accuracies': [0.0093, 0.2147, 0.3448, 0.3919, 0.4758, 0.5252, 0.5877, 0.6119, 0.5848, 0.621, 0.6384, 0.6365, 0.6491, 0.6603, 0.6662, 0.6504, 0.6707, 0.6587, 0.6805, 0.6358, 0.6639, 0.6743, 0.6658, 0.6739, 0.6768, 0.6732, 0.6746, 0.667, 0.6784, 0.6786, 0.6771, 0.6647, 0.6921, 0.6751, 0.6706, 0.6736, 0.7001, 0.6815, 0.6868, 0.6884, 0.6868, 0.697, 0.6883, 0.7095, 0.6983, 0.7047, 0.7064, 0.6941, 0.7064, 0.7121, 0.7074, 0.7081, 0.7201, 0.7142, 0.727, 0.7298, 0.7307, 0.7347, 0.7313, 0.7388, 0.735, 0.7383, 0.7439, 0.7501, 0.7488, 0.7497, 0.7515, 0.749, 0.7531, 0.7558, 0.759, 0.7573, 0.7573, 0.7572, 0.7581, 0.759, 0.7607, 0.76], 'grad_variances': [], 'config_str': '', 'mean_cond': 0.0, 'std_err_cond': None, 'memory_usage': None, 'steps': 78000, 'optimizer': 'AdamW', 'seed': 42, 'trials': 20, 'log_file': 'comparison_results/run_AdamW_42_1756997050776.log', 'success': True}
  ✓ Success - Loss: 0.7607
Run 2/2
running AdamW
Running: python -m benchmark.CIFAR100 --opt AdamW --steps 78000 --trials 20 --runtime-limit 99744 --step-hint 78000
{'runtime': 54700.79697179794, 'attempts': 1, 'best_loss': 0.7775, 'loss_trajectory': [4.684629917144775, 3.415513753890991, 2.8208603858947754, 2.023658275604248, 2.110877513885498, 1.937662959098816, 1.9271717071533203, 1.6688592433929443, 1.7750401496887207, 2.0153369903564453, 1.667547583580017, 1.4925216436386108, 1.6583151817321777, 1.563094139099121, 1.3266576528549194, 1.3001524209976196, 1.4938760995864868, 1.4337975978851318, 1.4738960266113281, 1.5738589763641357, 1.4701558351516724, 1.4119242429733276, 1.4309539794921875, 1.4987027645111084, 1.5854675769805908, 1.3029946088790894, 1.4976887702941895, 1.4708606004714966, 1.309187412261963, 1.1234678030014038, 1.4290225505828857, 1.255411148071289, 1.1784107685089111, 1.5225870609283447, 1.2735557556152344, 1.2662639617919922, 1.3221616744995117, 1.2570136785507202, 1.119359016418457, 1.1690775156021118, 1.121709942817688, 0.9849641919136047, 0.9856112599372864, 0.9823073148727417, 0.9536306262016296, 0.9358174800872803, 1.1062699556350708, 1.0095090866088867, 0.9026118516921997, 0.7627526521682739, 0.830260157585144, 0.8152793645858765, 0.8794211745262146, 0.8246257305145264, 0.7012990713119507, 0.6509090065956116, 0.6461300253868103, 0.6368322968482971, 0.6032924056053162, 0.7194051146507263, 0.7503017783164978, 0.415560781955719, 0.47810015082359314, 0.3922513723373413, 0.39027175307273865, 0.44392016530036926, 0.25155192613601685, 0.42057713866233826, 0.26861369609832764, 0.21951229870319366, 0.2538958191871643, 0.11080063134431839, 0.1638369858264923, 0.0817435085773468, 0.1418897956609726, 0.24519483745098114, 0.14731407165527344, 0.1013101264834404], 'test_accuracies': [0.0104, 0.1976, 0.2945, 0.3883, 0.3824, 0.4092, 0.4704, 0.4821, 0.4914, 0.5079, 0.5101, 0.539, 0.5419, 0.5226, 0.5122, 0.493, 0.5469, 0.5361, 0.5486, 0.5264, 0.5338, 0.5465, 0.5487, 0.572, 0.5556, 0.5295, 0.5714, 0.5807, 0.578, 0.5689, 0.5639, 0.5202, 0.587, 0.5849, 0.5856, 0.6101, 0.6201, 0.5925, 0.6178, 0.5981, 0.6265, 0.6424, 0.6376, 0.6433, 0.6444, 0.6623, 0.6407, 0.6623, 0.6395, 0.6596, 0.6625, 0.6681, 0.665, 0.6632, 0.6927, 0.6835, 0.6861, 0.7066, 0.6941, 0.716, 0.7162, 0.7106, 0.7359, 0.7318, 0.7392, 0.749, 0.7421, 0.749, 0.751, 0.7561, 0.7646, 0.7633, 0.7667, 0.7714, 0.7741, 0.7739, 0.7775, 0.7755], 'grad_variances': [], 'config_str': '', 'mean_cond': 0.0, 'std_err_cond': None, 'memory_usage': None, 'steps': 78000, 'optimizer': 'AdamW', 'seed': 43, 'trials': 20, 'log_file': 'comparison_results/run_AdamW_43_1757096250341.log', 'success': True}
  ✓ Success - Loss: 0.7775

=== Aggregating Results ===

Results saved to: comparison_results
Plots: comparison_results/CIFAR100_*.png
