/var/spool/slurmd/job21699/slurm_script: line 15: cd: HeavyBall: No such file or directory
Current directory /home/tomjodrell/HeavyBall
CUDA_VISIBLE_DEVICES 1
/home/tomjodrell/HeavyBall/benchmark/benchmark_runner.py:289: UserWarning: No artists with labels found to put in legend.  Note that artists whose label start with an underscore are ignored when legend() is called with no argument.
  plt.legend()
Running comparison for CIFAR10_wide
Optimizers: SFAdamW
Runs per optimizer: 2
Steps per run: 78000
Optuna trials per run: 20

=== Running SFAdamW ===
Run 1/2
running SFAdamW
Running: python -m benchmark.CIFAR10_wide --opt SFAdamW --steps 78000 --trials 20 --runtime-limit 992500 --step-hint 78000
{'runtime': 170767.42402267456, 'attempts': 1, 'best_loss': 0.9389, 'loss_trajectory': [2.3482704162597656, 0.7395514249801636, 0.4876019060611725, 0.4855112135410309, 0.3379078507423401, 0.26825109124183655, 0.26806342601776123, 0.1663760244846344, 0.16339318454265594, 0.11600075662136078, 0.09012386202812195, 0.09492438286542892, 0.10849876701831818, 0.10182161629199982, 0.05632472783327103, 0.07950583845376968, 0.04411929473280907, 0.04582837596535683, 0.05521342158317566, 0.07636868208646774, 0.09311302751302719, 0.12488006800413132, 0.039061516523361206, 0.05921528488397598, 0.0381506010890007, 0.07640062272548676, 0.03053143620491028, 0.03186421096324921, 0.1050092875957489, 0.0758613869547844, 0.018704360350966454, 0.006387393921613693, 0.009688252583146095, 0.02072983980178833, 0.04424988105893135, 0.02701457031071186, 0.03066154383122921, 0.01340890396386385, 0.020330503582954407, 0.02647363394498825, 0.007852031849324703, 0.013798579573631287, 0.013173533603549004, 0.03226308152079582, 0.024374522268772125, 0.06375329941511154, 0.009435232728719711, 0.04723276197910309, 0.0032504440750926733, 0.0680699273943901, 0.05331816151738167, 0.008711135946214199, 0.021876035258173943, 0.005926988553255796, 0.06232113018631935, 0.037497274577617645, 0.051888372749090195, 0.030696863308548927, 0.006130572408437729, 0.0125665832310915, 0.00489333039149642, 0.009010200388729572, 0.01444872748106718, 0.03591611981391907, 0.01583181694149971, 0.03332581743597984, 0.004885880276560783, 0.01601056009531021, 0.02160688117146492, 0.02562391571700573, 0.040892794728279114, 0.033431366086006165, 0.015012823045253754, 0.0022645152639597654, 0.01138648297637701, 0.009210108779370785, 0.003298505675047636, 0.010315626859664917], 'test_accuracies': [0.0911, 0.7298, 0.793, 0.8501, 0.8733, 0.89, 0.8974, 0.9094, 0.9137, 0.9196, 0.9203, 0.9177, 0.9232, 0.9209, 0.9234, 0.9253, 0.9238, 0.9256, 0.928, 0.9278, 0.928, 0.9282, 0.9281, 0.9299, 0.9269, 0.9294, 0.9312, 0.9312, 0.9286, 0.9314, 0.9335, 0.9285, 0.9309, 0.9332, 0.9299, 0.9334, 0.9323, 0.929, 0.9336, 0.9322, 0.9331, 0.9312, 0.9308, 0.9314, 0.9327, 0.934, 0.9342, 0.9345, 0.9354, 0.9351, 0.9354, 0.9341, 0.9353, 0.9355, 0.9365, 0.9356, 0.937, 0.937, 0.9364, 0.9357, 0.9389, 0.9378, 0.9376, 0.9363, 0.9357, 0.9369, 0.9374, 0.9372, 0.9374, 0.9354, 0.9385, 0.9322, 0.9374, 0.9367, 0.9355, 0.9369, 0.9383, 0.9355], 'grad_variances': [], 'config_str': '', 'mean_cond': 0.0, 'std_err_cond': None, 'memory_usage': None, 'steps': 78000, 'optimizer': 'SFAdamW', 'seed': 42, 'trials': 20, 'log_file': 'comparison_results/run_SFAdamW_42_1757402387845.log', 'success': True}
  ✓ Success - Loss: 0.9389
Run 2/2
running SFAdamW
Running: python -m benchmark.CIFAR10_wide --opt SFAdamW --steps 78000 --trials 20 --runtime-limit 992500 --step-hint 78000
{'runtime': 177211.90370988846, 'attempts': 1, 'best_loss': 0.9413, 'loss_trajectory': [2.3482089042663574, 0.7963137030601501, 0.5667557716369629, 0.3615773618221283, 0.2886398732662201, 0.38342228531837463, 0.19351649284362793, 0.2480268031358719, 0.15837818384170532, 0.1665762960910797, 0.09240403771400452, 0.14560477435588837, 0.05126461014151573, 0.14877718687057495, 0.05463637411594391, 0.06697730720043182, 0.08317679911851883, 0.10293591767549515, 0.040763482451438904, 0.045745883136987686, 0.07053449749946594, 0.09772591292858124, 0.010879390873014927, 0.0211173202842474, 0.03022945113480091, 0.015622778795659542, 0.04316788911819458, 0.02536018006503582, 0.059462398290634155, 0.06521540135145187, 0.03929001837968826, 0.07032760232686996, 0.02118721418082714, 0.03276954963803291, 0.08955972641706467, 0.00549597991630435, 0.14829564094543457, 0.06283938884735107, 0.07962951064109802, 0.010828009806573391, 0.022900234907865524, 0.029761886224150658, 0.03748997673392296, 0.01550248172134161, 0.02691609039902687, 0.010507767088711262, 0.04272860288619995, 0.0345345064997673, 0.014484643936157227, 0.07926462590694427, 0.04340857267379761, 0.09169844537973404, 0.07783884555101395, 0.08929432928562164, 0.039762649685144424, 0.027214791625738144, 0.10366454720497131, 0.0032146337907761335, 0.03384539484977722, 0.020313378423452377, 0.014476701617240906, 0.03796089440584183, 0.02419435605406761, 0.05976797267794609, 0.08421492576599121, 0.08098093420267105, 0.023265980184078217, 0.011774230748414993, 0.09983167052268982, 0.01556410826742649, 0.09150887280702591, 0.0007371411775238812, 0.0006369619513861835, 0.036264121532440186, 0.0033889946062117815, 0.022410620003938675, 0.05257343873381615, 0.024062035605311394], 'test_accuracies': [0.0497, 0.7042, 0.8307, 0.8715, 0.8822, 0.9039, 0.9049, 0.9135, 0.9143, 0.9209, 0.9181, 0.9225, 0.9254, 0.9207, 0.927, 0.9256, 0.928, 0.929, 0.9319, 0.9288, 0.9279, 0.929, 0.9311, 0.9282, 0.9312, 0.9335, 0.9355, 0.9311, 0.934, 0.9339, 0.9353, 0.9364, 0.9349, 0.9304, 0.9343, 0.9327, 0.935, 0.9352, 0.9396, 0.9348, 0.9349, 0.9346, 0.9353, 0.9354, 0.9353, 0.9324, 0.9312, 0.9313, 0.934, 0.935, 0.9358, 0.9374, 0.9387, 0.9349, 0.9351, 0.9341, 0.9361, 0.9342, 0.9376, 0.9384, 0.9377, 0.9399, 0.9386, 0.9381, 0.9385, 0.9375, 0.9382, 0.9413, 0.9374, 0.9404, 0.9396, 0.936, 0.9383, 0.9372, 0.9367, 0.938, 0.9379, 0.9367], 'grad_variances': [], 'config_str': '', 'mean_cond': 0.0, 'std_err_cond': None, 'memory_usage': None, 'steps': 78000, 'optimizer': 'SFAdamW', 'seed': 43, 'trials': 20, 'log_file': 'comparison_results/run_SFAdamW_43_1757573161538.log', 'success': True}
  ✓ Success - Loss: 0.9413

=== Aggregating Results ===

Results saved to: comparison_results
Plots: comparison_results/CIFAR10_wide_*.png
