/var/spool/slurmd/job21700/slurm_script: line 15: cd: HeavyBall: No such file or directory
Current directory /home/tomjodrell/HeavyBall
CUDA_VISIBLE_DEVICES 1
/home/tomjodrell/HeavyBall/benchmark/benchmark_runner.py:289: UserWarning: No artists with labels found to put in legend.  Note that artists whose label start with an underscore are ignored when legend() is called with no argument.
  plt.legend()
Running comparison for CIFAR10_wide
Optimizers: NAdamW
Runs per optimizer: 2
Steps per run: 78000
Optuna trials per run: 20

=== Running NAdamW ===
Run 1/2
running NAdamW
Running: python -m benchmark.CIFAR10_wide --opt NAdamW --steps 78000 --trials 20 --runtime-limit 992500 --step-hint 78000
{'runtime': 73832.13492250443, 'attempts': 1, 'best_loss': 0.9541, 'loss_trajectory': [2.356013774871826, 0.8421562910079956, 0.6103329658508301, 0.6908555626869202, 0.4980468451976776, 0.39565134048461914, 0.3097744882106781, 0.36979374289512634, 0.4043048918247223, 0.3026319742202759, 0.29307955503463745, 0.22718213498592377, 0.15668146312236786, 0.20675258338451385, 0.2991872727870941, 0.1467505693435669, 0.23048417270183563, 0.22431039810180664, 0.1826784461736679, 0.22430935502052307, 0.1196863055229187, 0.1030418798327446, 0.1075049489736557, 0.17801766097545624, 0.1594298779964447, 0.19845671951770782, 0.18881046772003174, 0.24588826298713684, 0.17939908802509308, 0.11122830212116241, 0.10676122456789017, 0.05483625456690788, 0.03290414437651634, 0.13677148520946503, 0.08491147309541702, 0.1111244484782219, 0.07796193659305573, 0.06622166931629181, 0.05057014897465706, 0.11534499377012253, 0.06915305554866791, 0.11617457866668701, 0.111765056848526, 0.19934511184692383, 0.11613436043262482, 0.09223579615354538, 0.05545404925942421, 0.08470302820205688, 0.04541047662496567, 0.03260023891925812, 0.018626147881150246, 0.10237076133489609, 0.020847847685217857, 0.030935116112232208, 0.009169241413474083, 0.023052431643009186, 0.028970863670110703, 0.09302075207233429, 0.024658309295773506, 0.045582082122564316, 0.04694262892007828, 0.00969737209379673, 0.021868107840418816, 0.0018573285778984427, 0.006856059655547142, 0.008577799424529076, 0.0011862082174047828, 0.02148585207760334, 0.019457152113318443, 0.0051165418699383736, 0.006879640277475119, 0.0014017672510817647, 0.0031978876795619726, 0.0019406286301091313, 0.0006098775193095207, 0.004134051501750946, 0.009866195730865002, 0.026705315336585045], 'test_accuracies': [0.1063, 0.6573, 0.7417, 0.8031, 0.8217, 0.8412, 0.8582, 0.8695, 0.8747, 0.8802, 0.8926, 0.8953, 0.9081, 0.899, 0.8974, 0.8974, 0.9098, 0.8921, 0.8942, 0.9058, 0.911, 0.9071, 0.9202, 0.9172, 0.9163, 0.9014, 0.9244, 0.9175, 0.9235, 0.9203, 0.9193, 0.9152, 0.9198, 0.9199, 0.9231, 0.9231, 0.9218, 0.9208, 0.9256, 0.923, 0.9232, 0.9256, 0.9324, 0.92, 0.9317, 0.9209, 0.9309, 0.9311, 0.9301, 0.9348, 0.9374, 0.9356, 0.9401, 0.9377, 0.9375, 0.9386, 0.9425, 0.9404, 0.9424, 0.9447, 0.9452, 0.9446, 0.9434, 0.9456, 0.944, 0.9476, 0.9473, 0.9507, 0.9505, 0.9523, 0.951, 0.9523, 0.9533, 0.9526, 0.9534, 0.9532, 0.9536, 0.9541], 'grad_variances': [], 'config_str': '', 'mean_cond': 0.0, 'std_err_cond': None, 'memory_usage': None, 'steps': 78000, 'optimizer': 'NAdamW', 'seed': 42, 'trials': 20, 'log_file': 'comparison_results/run_NAdamW_42_1757402405824.log', 'success': True}
  ✓ Success - Loss: 0.9541
Run 2/2
running NAdamW
Running: python -m benchmark.CIFAR10_wide --opt NAdamW --steps 78000 --trials 20 --runtime-limit 992500 --step-hint 78000
{'runtime': 44962.30611848831, 'attempts': 1, 'best_loss': 0.9497, 'loss_trajectory': [2.3233871459960938, 1.107695460319519, 0.5849194526672363, 0.6584569215774536, 0.6553623676300049, 0.347500741481781, 0.2688877284526825, 0.29826095700263977, 0.22728559374809265, 0.1598970741033554, 0.189169779419899, 0.2365424782037735, 0.1301281601190567, 0.2419448345899582, 0.21865375339984894, 0.14092734456062317, 0.14557142555713654, 0.12991845607757568, 0.10693731904029846, 0.10254272073507309, 0.0847553238272667, 0.038065120577812195, 0.08356732130050659, 0.08524572104215622, 0.11642628908157349, 0.04280242696404457, 0.061860594898462296, 0.04747585207223892, 0.11434490978717804, 0.05732385069131851, 0.027774613350629807, 0.028777645900845528, 0.057393066585063934, 0.08019925653934479, 0.046414900571107864, 0.06625058501958847, 0.04704894497990608, 0.061324696987867355, 0.036551088094711304, 0.040726207196712494, 0.06967242062091827, 0.023826496675610542, 0.04934405907988548, 0.04641871899366379, 0.012667525559663773, 0.005041451659053564, 0.03704419359564781, 0.023012904450297356, 0.008207841776311398, 0.02684035524725914, 0.06083625927567482, 0.07927360385656357, 0.02586282603442669, 0.008064652793109417, 0.007387767545878887, 0.004222271963953972, 0.02949453890323639, 0.052569784224033356, 0.00032747394288890064, 0.04759624972939491, 0.010461123660206795, 0.0018528549699112773, 0.018650293350219727, 0.01717034913599491, 0.04488404840230942, 0.0030232351273298264, 0.002270081080496311, 0.027230489999055862, 0.005149089265614748, 0.019539693370461464, 0.0356907956302166, 0.0035859872587025166, 0.004676863085478544, 0.0032873402815312147, 0.01127407792955637, 0.0633980929851532, 0.0015804519644007087, 0.009280962869524956], 'test_accuracies': [0.1, 0.6711, 0.773, 0.7883, 0.8306, 0.8567, 0.8804, 0.8899, 0.8977, 0.898, 0.9067, 0.907, 0.9165, 0.9163, 0.9146, 0.9173, 0.9212, 0.9237, 0.9255, 0.9241, 0.9245, 0.9265, 0.9271, 0.9294, 0.9242, 0.9332, 0.9287, 0.9322, 0.9299, 0.9321, 0.9357, 0.9354, 0.9342, 0.9344, 0.9342, 0.9367, 0.9367, 0.9328, 0.9349, 0.9344, 0.9362, 0.9358, 0.9374, 0.9371, 0.9351, 0.9383, 0.9387, 0.9409, 0.9409, 0.9409, 0.942, 0.939, 0.9429, 0.9449, 0.9416, 0.9429, 0.9443, 0.9453, 0.945, 0.9451, 0.9442, 0.9466, 0.9436, 0.945, 0.946, 0.9456, 0.946, 0.9459, 0.9474, 0.9478, 0.9493, 0.9489, 0.949, 0.9474, 0.949, 0.9497, 0.9487, 0.9495], 'grad_variances': [], 'config_str': '', 'mean_cond': 0.0, 'std_err_cond': None, 'memory_usage': None, 'steps': 78000, 'optimizer': 'NAdamW', 'seed': 43, 'trials': 20, 'log_file': 'comparison_results/run_NAdamW_43_1757476244262.log', 'success': True}
  ✓ Success - Loss: 0.9497

=== Aggregating Results ===

Results saved to: comparison_results
Plots: comparison_results/CIFAR10_wide_*.png
