/var/spool/slurmd/job21505/slurm_script: line 15: cd: HeavyBall: No such file or directory
Current directory /home/tomjodrell/HeavyBall
CUDA_VISIBLE_DEVICES 1
/home/tomjodrell/HeavyBall/benchmark/benchmark_runner.py:289: UserWarning: No artists with labels found to put in legend.  Note that artists whose label start with an underscore are ignored when legend() is called with no argument.
  plt.legend()
Running comparison for CIFAR10_wide
Optimizers: AdamW
Runs per optimizer: 2
Steps per run: 78000
Optuna trials per run: 20

=== Running AdamW ===
Run 1/2
running AdamW
Running: python -m benchmark.CIFAR10_wide --opt AdamW --steps 78000 --trials 20 --runtime-limit 99744 --step-hint 78000
{'runtime': 46785.52883172035, 'attempts': 1, 'best_loss': 0.9577, 'loss_trajectory': [2.312497615814209, 1.1321723461151123, 0.8010610342025757, 0.5317920446395874, 0.6597234606742859, 0.43329116702079773, 0.5145556926727295, 0.27317014336586, 0.44371774792671204, 0.25753509998321533, 0.3363666832447052, 0.31559649109840393, 0.30764615535736084, 0.17543098330497742, 0.2468874752521515, 0.23583045601844788, 0.3209432363510132, 0.17759788036346436, 0.18085643649101257, 0.18164056539535522, 0.15676432847976685, 0.19579951465129852, 0.25921759009361267, 0.15803036093711853, 0.12850460410118103, 0.14225275814533234, 0.20214466750621796, 0.1691475212574005, 0.22221018373966217, 0.23324382305145264, 0.1776200830936432, 0.13382387161254883, 0.1314420998096466, 0.15337565541267395, 0.16084454953670502, 0.14934487640857697, 0.11249563843011856, 0.16949963569641113, 0.11698846518993378, 0.08800585567951202, 0.12229624390602112, 0.05917077511548996, 0.04438795521855354, 0.04936511069536209, 0.12619487941265106, 0.04250267520546913, 0.06344205886125565, 0.05883072689175606, 0.02043500728905201, 0.07330596446990967, 0.04725128784775734, 0.07595152407884598, 0.021367983892560005, 0.055951111018657684, 0.03913022205233574, 0.06371945142745972, 0.05514949560165405, 0.07296784222126007, 0.03822759911417961, 0.03776121512055397, 0.029441390186548233, 0.03671414032578468, 0.02209647372364998, 0.010409263893961906, 0.018289243802428246, 0.009173874743282795, 0.0027091256342828274, 0.010868186131119728, 0.007830974645912647, 0.003768523223698139, 0.02718961611390114, 0.004032446537166834, 0.007555232383310795, 0.00211759633384645, 0.0031528682447969913, 0.08960078656673431, 0.0022212867625057697, 0.010252952575683594], 'test_accuracies': [0.1008, 0.5996, 0.7478, 0.7593, 0.7926, 0.8275, 0.8434, 0.8587, 0.8583, 0.8206, 0.8812, 0.8782, 0.8976, 0.8886, 0.8638, 0.9068, 0.913, 0.8897, 0.9045, 0.9068, 0.8934, 0.9053, 0.903, 0.9184, 0.9101, 0.9061, 0.9148, 0.8995, 0.8991, 0.9079, 0.905, 0.9174, 0.9291, 0.9185, 0.9107, 0.9184, 0.9232, 0.9179, 0.9281, 0.928, 0.9219, 0.9277, 0.9257, 0.9271, 0.9321, 0.9307, 0.9355, 0.9284, 0.935, 0.9335, 0.9308, 0.9356, 0.9389, 0.9336, 0.9415, 0.9378, 0.9417, 0.9448, 0.9446, 0.9465, 0.9478, 0.9453, 0.9497, 0.948, 0.9495, 0.9503, 0.9512, 0.9528, 0.953, 0.9527, 0.9555, 0.9556, 0.9565, 0.9566, 0.9558, 0.9574, 0.9573, 0.9577], 'grad_variances': [], 'config_str': '', 'mean_cond': 0.0, 'std_err_cond': None, 'memory_usage': None, 'steps': 78000, 'optimizer': 'AdamW', 'seed': 42, 'trials': 20, 'log_file': 'comparison_results/run_AdamW_42_1756997042773.log', 'success': True}
  ✓ Success - Loss: 0.9577
Run 2/2
running AdamW
Running: python -m benchmark.CIFAR10_wide --opt AdamW --steps 78000 --trials 20 --runtime-limit 99744 --step-hint 78000
{'runtime': 51080.71592569351, 'attempts': 1, 'best_loss': 0.9622, 'loss_trajectory': [2.328615188598633, 1.3334215879440308, 0.7660220861434937, 0.6796281933784485, 0.5821385383605957, 0.610378086566925, 0.5601258873939514, 0.5441994071006775, 0.7330068349838257, 0.5601495504379272, 0.5134134292602539, 0.4724797308444977, 0.5692813992500305, 0.45121797919273376, 0.40861615538597107, 0.6910907626152039, 0.575309157371521, 0.33530446887016296, 0.37536492943763733, 0.44482308626174927, 0.3829651176929474, 0.3252753019332886, 0.36633577942848206, 0.452997088432312, 0.446659117937088, 0.43257224559783936, 0.3711327910423279, 0.5011129379272461, 0.42412474751472473, 0.3248198628425598, 0.30791980028152466, 0.46088066697120667, 0.3104999363422394, 0.3702017068862915, 0.34797266125679016, 0.4014854431152344, 0.2545871436595917, 0.3202977180480957, 0.34952250123023987, 0.319685697555542, 0.2802017033100128, 0.3473905026912689, 0.28548043966293335, 0.2832062840461731, 0.30107182264328003, 0.24678656458854675, 0.29507938027381897, 0.2108645737171173, 0.30972766876220703, 0.2165713757276535, 0.1718376874923706, 0.22083580493927002, 0.14831417798995972, 0.18799836933612823, 0.12816305458545685, 0.1688290685415268, 0.12476182729005814, 0.10548539459705353, 0.1212470754981041, 0.13633964955806732, 0.1359262764453888, 0.15237435698509216, 0.16111141443252563, 0.05274251848459244, 0.05565672367811203, 0.07777746021747589, 0.030022025108337402, 0.07197966426610947, 0.06478697061538696, 0.04266654700040817, 0.07182712107896805, 0.03356853127479553, 0.04112408682703972, 0.04268312454223633, 0.024708591401576996, 0.037849243730306625, 0.023848623037338257, 0.03579077124595642], 'test_accuracies': [0.1118, 0.5809, 0.7182, 0.7595, 0.7572, 0.7809, 0.7859, 0.8219, 0.807, 0.8036, 0.7978, 0.8215, 0.7761, 0.8323, 0.8316, 0.7919, 0.7951, 0.8647, 0.8598, 0.8425, 0.8775, 0.8701, 0.8676, 0.8098, 0.8322, 0.8631, 0.8665, 0.8093, 0.8548, 0.8676, 0.8401, 0.8714, 0.8949, 0.8366, 0.8761, 0.8707, 0.8832, 0.8808, 0.8886, 0.8988, 0.8941, 0.8953, 0.9001, 0.8921, 0.8701, 0.8818, 0.8718, 0.8925, 0.9016, 0.9048, 0.9149, 0.9204, 0.9238, 0.9191, 0.9304, 0.9098, 0.928, 0.9417, 0.9359, 0.9371, 0.932, 0.9413, 0.9423, 0.9381, 0.9431, 0.9505, 0.9522, 0.9527, 0.9556, 0.9561, 0.957, 0.9582, 0.96, 0.9603, 0.9609, 0.9609, 0.9622, 0.9612], 'grad_variances': [], 'config_str': '', 'mean_cond': 0.0, 'std_err_cond': None, 'memory_usage': None, 'steps': 78000, 'optimizer': 'AdamW', 'seed': 43, 'trials': 20, 'log_file': 'comparison_results/run_AdamW_43_1757043834213.log', 'success': True}
  ✓ Success - Loss: 0.9622

=== Aggregating Results ===

Results saved to: comparison_results
Plots: comparison_results/CIFAR10_wide_*.png
