/var/spool/slurmd/job21771/slurm_script: line 15: cd: HeavyBall: No such file or directory
Current directory /home/tomjodrell/HeavyBall
CUDA_VISIBLE_DEVICES 1
/home/tomjodrell/HeavyBall/benchmark/benchmark_runner.py:289: UserWarning: No artists with labels found to put in legend.  Note that artists whose label start with an underscore are ignored when legend() is called with no argument.
  plt.legend()
Running comparison for MNIST
Optimizers: ExternalDistributedShampoo
Runs per optimizer: 2
Steps per run: 27000
Optuna trials per run: 20

=== Running ExternalDistributedShampoo ===
Run 1/2
running ExternalDistributedShampoo
Running: python -m benchmark.MNIST --opt ExternalDistributedShampoo --steps 27000 --trials 20 --runtime-limit 992500 --step-hint 27000
{'runtime': 14242.928550720215, 'attempts': 1, 'best_loss': 0.9833, 'loss_trajectory': [2.2939536571502686, 0.08541180193424225, 0.015196125023066998, 0.004163436591625214, 0.006425078492611647, 0.039507582783699036, 0.003314155386760831, 0.0018106433562934399, 0.0023980424739420414, 0.0008707139058969915, 0.00015065485786180943, 0.00995031651109457, 0.00271450262516737, 0.0007624992867931724, 0.000854642188642174, 0.0006569988909177482, 0.0007621991098858416, 0.0002195229462813586, 0.006245109718292952, 0.000654068251606077, 0.0007563126855529845, 0.0008793349261395633, 0.0007955937762744725, 0.0002639971498865634, 0.07847905904054642, 0.0012537981383502483, 0.0013282803120091558], 'test_accuracies': [0.1178, 0.9719, 0.9756, 0.9761, 0.9796, 0.9746, 0.9796, 0.9803, 0.9811, 0.9822, 0.9814, 0.9728, 0.9821, 0.9829, 0.9829, 0.9824, 0.9833, 0.982, 0.9783, 0.9813, 0.9826, 0.9831, 0.9832, 0.9824, 0.9502, 0.9807, 0.9796], 'grad_variances': [], 'config_str': '', 'mean_cond': 0.0, 'std_err_cond': None, 'memory_usage': None, 'steps': 27000, 'optimizer': 'ExternalDistributedShampoo', 'seed': 42, 'trials': 20, 'log_file': 'comparison_results/run_ExternalDistributedShampoo_42_1757507675890.log', 'success': True}
  ✓ Success - Loss: 0.9833
Run 2/2
running ExternalDistributedShampoo
Running: python -m benchmark.MNIST --opt ExternalDistributedShampoo --steps 27000 --trials 20 --runtime-limit 992500 --step-hint 27000
{'runtime': 14295.619126319885, 'attempts': 1, 'best_loss': 0.9837, 'loss_trajectory': [2.297024726867676, 0.103837750852108, 0.007192625198513269, 0.006250451318919659, 0.0032466978300362825, 0.007898682728409767, 0.0028165015392005444, 0.0022864779457449913, 0.0051005445420742035, 0.003280513221397996, 0.002573232864961028, 0.0007281522266566753, 0.003489289665594697, 0.0012485524639487267, 0.0009831804782152176, 0.0008289882680401206, 0.0009258604259230196, 0.0002576740807853639, 0.002047980669885874, 0.004013230558484793, 0.0007921272190287709, 0.0006708630826324224, 0.0007943217060528696, 0.00017192393715959042, 0.008101588115096092, 0.0006405208259820938, 0.0007139453664422035], 'test_accuracies': [0.1067, 0.9733, 0.9753, 0.9779, 0.9792, 0.9765, 0.9798, 0.9782, 0.9782, 0.98, 0.9807, 0.9807, 0.9775, 0.9827, 0.9834, 0.9821, 0.9822, 0.982, 0.9788, 0.9819, 0.9831, 0.9837, 0.9834, 0.9834, 0.9801, 0.982, 0.9825], 'grad_variances': [], 'config_str': '', 'mean_cond': 0.0, 'std_err_cond': None, 'memory_usage': None, 'steps': 27000, 'optimizer': 'ExternalDistributedShampoo', 'seed': 43, 'trials': 20, 'log_file': 'comparison_results/run_ExternalDistributedShampoo_43_1757521923957.log', 'success': True}
  ✓ Success - Loss: 0.9837

=== Aggregating Results ===

Results saved to: comparison_results
Plots: comparison_results/MNIST_*.png
