/var/spool/slurmd/job21515/slurm_script: line 15: cd: HeavyBall: No such file or directory
Current directory /home/tomjodrell/HeavyBall
CUDA_VISIBLE_DEVICES 1
/home/tomjodrell/HeavyBall/benchmark/benchmark_runner.py:289: UserWarning: No artists with labels found to put in legend.  Note that artists whose label start with an underscore are ignored when legend() is called with no argument.
  plt.legend()
Running comparison for SVHN
Optimizers: SGD
Runs per optimizer: 2
Steps per run: 0
Optuna trials per run: 20

=== Running SGD ===
Run 1/2
running SGD
Running: python -m benchmark.SVHN --opt SGD --steps 0 --trials 20 --runtime-limit 2300 --step-hint 86000
{'runtime': 46346.623494148254, 'attempts': 1, 'best_loss': 0.1958743085433313, 'loss_trajectory': [2.2910830974578857, 2.2897377014160156, 2.2609944343566895, 2.2057719230651855, 2.29162859916687, 2.244063138961792, 2.19364333152771, 2.2397732734680176, 2.291736602783203, 2.250657320022583, 2.224435567855835, 2.2800519466400146, 2.2585041522979736, 2.1905858516693115, 2.3011887073516846, 2.234828472137451, 2.2627909183502197, 2.275582790374756, 2.2525627613067627, 2.200941801071167, 2.2052550315856934, 2.2015669345855713, 2.1847774982452393, 2.2095489501953125, 2.252734422683716, 2.24586820602417, 2.26654314994812, 2.150890588760376, 2.2839319705963135, 2.2082388401031494, 2.26997447013855, 2.209702491760254, 2.2428081035614014, 2.2233707904815674, 2.229566812515259, 2.2540600299835205, 2.2274248600006104, 2.2778971195220947, 2.188760995864868, 2.24649715423584, 2.2262537479400635, 2.2307589054107666, 2.2455530166625977, 2.2812111377716064, 2.185969829559326, 2.1994049549102783, 2.2623586654663086, 2.2689456939697266, 2.205198049545288, 2.2245748043060303, 2.2468960285186768, 2.1831252574920654, 2.2483808994293213, 2.233853340148926, 2.2248551845550537, 2.2571609020233154, 2.3346328735351562, 2.2595744132995605, 2.2077183723449707, 2.2053909301757812, 2.2748074531555176, 2.2302777767181396, 2.3156611919403076, 2.267418384552002, 2.2084619998931885, 2.2717721462249756, 2.2796707153320312, 2.23540997505188, 2.183054208755493, 2.2220821380615234, 2.1807613372802734, 2.2246408462524414, 2.2701785564422607, 2.269866943359375], 'test_accuracies': [0.1958743085433313, 0.1958743085433313, 0.1958743085433313, 0.1958743085433313, 0.1958743085433313, 0.1958743085433313, 0.1958743085433313, 0.1958743085433313, 0.1958743085433313, 0.1958743085433313, 0.1958743085433313, 0.1958743085433313, 0.1958743085433313, 0.1958743085433313, 0.1958743085433313, 0.1958743085433313, 0.1958743085433313, 0.1958743085433313, 0.1958743085433313, 0.1958743085433313, 0.1958743085433313, 0.1958743085433313, 0.1958743085433313, 0.1958743085433313, 0.1958743085433313, 0.1958743085433313, 0.1958743085433313, 0.1958743085433313, 0.1958743085433313, 0.1958743085433313, 0.1958743085433313, 0.1958743085433313, 0.1958743085433313, 0.1958743085433313, 0.1958743085433313, 0.1958743085433313, 0.1958743085433313, 0.1958743085433313, 0.1958743085433313, 0.1958743085433313, 0.1958743085433313, 0.1958743085433313, 0.1958743085433313, 0.1958743085433313, 0.1958743085433313, 0.1958743085433313, 0.1958743085433313, 0.1958743085433313, 0.1958743085433313, 0.1958743085433313, 0.1958743085433313, 0.1958743085433313, 0.1958743085433313, 0.1958743085433313, 0.1958743085433313, 0.1958743085433313, 0.1958743085433313, 0.1958743085433313, 0.1958743085433313, 0.1958743085433313, 0.1958743085433313, 0.1958743085433313, 0.1958743085433313, 0.1958743085433313, 0.1958743085433313, 0.1958743085433313, 0.1958743085433313, 0.1958743085433313, 0.1958743085433313, 0.1958743085433313, 0.1958743085433313, 0.1958743085433313, 0.1958743085433313, 0.1958743085433313], 'grad_variances': [], 'config_str': '', 'mean_cond': 0.0, 'std_err_cond': None, 'memory_usage': None, 'steps': 0, 'optimizer': 'SGD', 'seed': 42, 'trials': 20, 'log_file': 'comparison_results/run_SGD_42_1757023976238.log', 'success': True}
  ✓ Success - Loss: 0.1958743085433313
Run 2/2
running SGD
Running: python -m benchmark.SVHN --opt SGD --steps 0 --trials 20 --runtime-limit 2300 --step-hint 86000
{'runtime': 46572.545161008835, 'attempts': 1, 'best_loss': 0.1958743085433313, 'loss_trajectory': [2.3171463012695312, 2.2871599197387695, 2.2589211463928223, 2.2069802284240723, 2.2917964458465576, 2.243898630142212, 2.1936089992523193, 2.2397849559783936, 2.2917661666870117, 2.25069522857666, 2.2244298458099365, 2.280052661895752, 2.258481025695801, 2.190558433532715, 2.3012945652008057, 2.2348244190216064, 2.2627346515655518, 2.2755541801452637, 2.252558708190918, 2.200894594192505, 2.2053275108337402, 2.201601266860962, 2.1847195625305176, 2.209503412246704, 2.2527403831481934, 2.245861291885376, 2.2665748596191406, 2.150853395462036, 2.2838833332061768, 2.208137035369873, 2.2699451446533203, 2.2096524238586426, 2.2427761554718018, 2.2233474254608154, 2.229565143585205, 2.254045009613037, 2.227393865585327, 2.2779130935668945, 2.188735008239746, 2.2465009689331055, 2.226264715194702, 2.230816602706909, 2.2455461025238037, 2.28121018409729, 2.186025857925415, 2.1993374824523926, 2.2623581886291504, 2.2689216136932373, 2.2051846981048584, 2.2245559692382812, 2.2468836307525635, 2.183142900466919, 2.248349666595459, 2.2338826656341553, 2.2248568534851074, 2.2571539878845215, 2.334608554840088, 2.2595722675323486, 2.207717180252075, 2.205397844314575, 2.2748119831085205, 2.2302656173706055], 'test_accuracies': [0.07755838967424708, 0.1958743085433313, 0.1958743085433313, 0.1958743085433313, 0.1958743085433313, 0.1958743085433313, 0.1958743085433313, 0.1958743085433313, 0.1958743085433313, 0.1958743085433313, 0.1958743085433313, 0.1958743085433313, 0.1958743085433313, 0.1958743085433313, 0.1958743085433313, 0.1958743085433313, 0.1958743085433313, 0.1958743085433313, 0.1958743085433313, 0.1958743085433313, 0.1958743085433313, 0.1958743085433313, 0.1958743085433313, 0.1958743085433313, 0.1958743085433313, 0.1958743085433313, 0.1958743085433313, 0.1958743085433313, 0.1958743085433313, 0.1958743085433313, 0.1958743085433313, 0.1958743085433313, 0.1958743085433313, 0.1958743085433313, 0.1958743085433313, 0.1958743085433313, 0.1958743085433313, 0.1958743085433313, 0.1958743085433313, 0.1958743085433313, 0.1958743085433313, 0.1958743085433313, 0.1958743085433313, 0.1958743085433313, 0.1958743085433313, 0.1958743085433313, 0.1958743085433313, 0.1958743085433313, 0.1958743085433313, 0.1958743085433313, 0.1958743085433313, 0.1958743085433313, 0.1958743085433313, 0.1958743085433313, 0.1958743085433313, 0.1958743085433313, 0.1958743085433313, 0.1958743085433313, 0.1958743085433313, 0.1958743085433313, 0.1958743085433313, 0.1958743085433313], 'grad_variances': [], 'config_str': '', 'mean_cond': 0.0, 'std_err_cond': None, 'memory_usage': None, 'steps': 0, 'optimizer': 'SGD', 'seed': 43, 'trials': 20, 'log_file': 'comparison_results/run_SGD_43_1757070329979.log', 'success': True}
  ✓ Success - Loss: 0.1958743085433313

=== Aggregating Results ===

Results saved to: comparison_results
Plots: comparison_results/SVHN_*.png
