/var/spool/slurmd/job21644/slurm_script: line 15: cd: HeavyBall: No such file or directory
Current directory /home/tomjodrell/HeavyBall
CUDA_VISIBLE_DEVICES 1
/home/tomjodrell/HeavyBall/benchmark/benchmark_runner.py:289: UserWarning: No artists with labels found to put in legend.  Note that artists whose label start with an underscore are ignored when legend() is called with no argument.
  plt.legend()
Running comparison for Tolstoi_RNN
Optimizers: SFAdamW
Runs per optimizer: 2
Steps per run: 27000
Optuna trials per run: 20

=== Running SFAdamW ===
Run 1/2
running SFAdamW
Running: python -m benchmark.Tolstoi_RNN --opt SFAdamW --steps 27000 --trials 20 --runtime-limit 992500 --step-hint 27000
{'runtime': 46161.843749284744, 'attempts': 1, 'best_loss': 0.5998930675152683, 'loss_trajectory': [4.720440864562988, 1.8401259183883667, 1.6386154890060425, 1.6134480237960815, 1.5074962377548218, 1.492173194885254, 1.4496268033981323, 1.459037184715271, 1.44734525680542, 1.4339429140090942, 1.4463496208190918, 1.4646222591400146, 1.4704853296279907, 1.4519191980361938, 1.4249844551086426, 1.3606473207473755, 1.4242966175079346, 1.4181398153305054, 1.4253602027893066, 1.4133493900299072, 1.4199373722076416, 1.397976279258728, 1.4077342748641968, 1.4212294816970825, 1.426722526550293, 1.423093557357788, 1.4120973348617554], 'test_accuracies': [0.0007638344483108014, 0.4951102324875204, 0.547747848800999, 0.5627096276419389, 0.5708375190176217, 0.576443929389236, 0.5799627548981028, 0.5818148775900374, 0.5856678864799041, 0.5882637337440003, 0.588709187641567, 0.5894535319325622, 0.5918571424144865, 0.5925669373805105, 0.5933669634087014, 0.594062535827495, 0.5956561118220663, 0.5953083875845528, 0.596096267123606, 0.59717587930356, 0.5968537804398144, 0.5983142408289359, 0.5974822063229912, 0.5984382465675323, 0.5995095855010582, 0.5998300421098948, 0.5998930675152683], 'grad_variances': [], 'config_str': '', 'mean_cond': 0.0, 'std_err_cond': None, 'memory_usage': None, 'steps': 27000, 'optimizer': 'SFAdamW', 'seed': 42, 'trials': 20, 'log_file': 'comparison_results/run_SFAdamW_42_1757284073773.log', 'success': True}
  ✓ Success - Loss: 0.5998930675152683
Run 2/2
running SFAdamW
Running: python -m benchmark.Tolstoi_RNN --opt SFAdamW --steps 27000 --trials 20 --runtime-limit 992500 --step-hint 27000
{'runtime': 17564.22127223015, 'attempts': 1, 'best_loss': 0.5980082546548631, 'loss_trajectory': [4.733425140380859, 1.7876499891281128, 1.621520757675171, 1.533676028251648, 1.5431232452392578, 1.5055938959121704, 1.5002027750015259, 1.5323580503463745, 1.4954396486282349, 1.4408055543899536, 1.4105210304260254, 1.4853224754333496, 1.4616189002990723, 1.4224871397018433, 1.3981077671051025, 1.4864877462387085, 1.417419672012329, 1.4316036701202393, 1.4084328413009644, 1.3929133415222168, 1.430946707725525, 1.444008231163025, 1.4246796369552612, 1.3882976770401, 1.4374887943267822, 1.4033719301223755, 1.4079474210739136], 'test_accuracies': [0.010917927536276791, 0.5041967669268453, 0.5483174323809288, 0.5628890982161393, 0.5718415254998807, 0.5753172805498146, 0.578669029861152, 0.5816910267811494, 0.583821093369938, 0.5856241963021377, 0.5873615160801544, 0.5887270975158571, 0.5883790014470435, 0.5903043439191639, 0.5912566658507036, 0.592016874943838, 0.5929803828003235, 0.5937190566639915, 0.594626139120681, 0.5946676912684715, 0.594733040619471, 0.5959142557021879, 0.5970397580617673, 0.5973934625860248, 0.5968986790693063, 0.5977920657397738, 0.5980082546548631], 'grad_variances': [], 'config_str': '', 'mean_cond': 0.0, 'std_err_cond': None, 'memory_usage': None, 'steps': 27000, 'optimizer': 'SFAdamW', 'seed': 43, 'trials': 20, 'log_file': 'comparison_results/run_SFAdamW_43_1757330240563.log', 'success': True}
  ✓ Success - Loss: 0.5980082546548631

=== Aggregating Results ===

Results saved to: comparison_results
Plots: comparison_results/Tolstoi_RNN_*.png
