/var/spool/slurmd/job21643/slurm_script: line 15: cd: HeavyBall: No such file or directory
Current directory /home/tomjodrell/HeavyBall
CUDA_VISIBLE_DEVICES 1
/home/tomjodrell/HeavyBall/benchmark/benchmark_runner.py:289: UserWarning: No artists with labels found to put in legend.  Note that artists whose label start with an underscore are ignored when legend() is called with no argument.
  plt.legend()
Running comparison for Tolstoi_RNN
Optimizers: NAdamW
Runs per optimizer: 2
Steps per run: 27000
Optuna trials per run: 20

=== Running NAdamW ===
Run 1/2
running NAdamW
Running: python -m benchmark.Tolstoi_RNN --opt NAdamW --steps 27000 --trials 20 --runtime-limit 992500 --step-hint 27000
{'runtime': 28190.433619737625, 'attempts': 1, 'best_loss': 0.6047641505049159, 'loss_trajectory': [4.728692054748535, 1.7641328573226929, 1.6222245693206787, 1.543408989906311, 1.4845143556594849, 1.5280823707580566, 1.469130516052246, 1.4199978113174438, 1.4795522689819336, 1.4319416284561157, 1.5587447881698608, 1.439974069595337, 1.4199168682098389, 1.358927845954895, 1.410355806350708, 1.4236520528793335, 1.4600216150283813, 1.3799291849136353, 1.387672781944275, 1.358077883720398, 1.43389093875885, 1.355660080909729, 1.3446656465530396, 1.4200738668441772, 1.401558518409729, 1.347170352935791, 1.4019767045974731], 'test_accuracies': [0.0007328175206908626, 0.5182070294707292, 0.5498281519674524, 0.5632788703765101, 0.5697484561254559, 0.573166298450393, 0.5776474853359032, 0.5789655343370713, 0.5820856637343638, 0.5836865214252294, 0.5859139768287128, 0.5885642354063961, 0.5894271009243106, 0.591631936590369, 0.5941661528164671, 0.595165356477766, 0.5969604960229544, 0.5985377114403195, 0.6001376705388766, 0.6009157275344177, 0.6024293288135173, 0.6024730189912837, 0.6032343745642602, 0.6038856680723955, 0.6042294570953158, 0.6046758715570746, 0.6047641505049159], 'grad_variances': [], 'config_str': '', 'mean_cond': 0.0, 'std_err_cond': None, 'memory_usage': None, 'steps': 27000, 'optimizer': 'NAdamW', 'seed': 42, 'trials': 20, 'log_file': 'comparison_results/run_NAdamW_42_1757284050776.log', 'success': True}
  ✓ Success - Loss: 0.6047641505049159
Run 2/2
running NAdamW
Running: python -m benchmark.Tolstoi_RNN --opt NAdamW --steps 27000 --trials 20 --runtime-limit 992500 --step-hint 27000
{'runtime': 24552.173762321472, 'attempts': 1, 'best_loss': 0.6052292494895066, 'loss_trajectory': [4.730474472045898, 1.7553768157958984, 1.6362674236297607, 1.5244708061218262, 1.4969377517700195, 1.5206425189971924, 1.4623266458511353, 1.4152190685272217, 1.4655040502548218, 1.4194221496582031, 1.5409365892410278, 1.4629969596862793, 1.4161070585250854, 1.3564025163650513, 1.4308173656463623, 1.4079511165618896, 1.4464627504348755, 1.3839142322540283, 1.396548867225647, 1.3579422235488892, 1.3982045650482178, 1.3479374647140503, 1.3370293378829956, 1.3993257284164429, 1.3873424530029297, 1.3337993621826172, 1.394187569618225], 'test_accuracies': [0.0006507047752434721, 0.5199855295652362, 0.5535754678102545, 0.5639002314649844, 0.5707538569750904, 0.5752891763007124, 0.578470533918761, 0.5809761501206903, 0.5824094358389599, 0.5851907339640006, 0.586865957914894, 0.5884557536245806, 0.5901901607240795, 0.5918601170648876, 0.594141611950658, 0.5956732160618727, 0.597207949753197, 0.5986061903714285, 0.5997000560845545, 0.6006452822354498, 0.6017360183684662, 0.6028201235099635, 0.6038985892100754, 0.6043309980261955, 0.6047773505160708, 0.605120767707691, 0.6052292494895066], 'grad_variances': [], 'config_str': '', 'mean_cond': 0.0, 'std_err_cond': None, 'memory_usage': None, 'steps': 27000, 'optimizer': 'NAdamW', 'seed': 43, 'trials': 20, 'log_file': 'comparison_results/run_NAdamW_43_1757312246115.log', 'success': True}
  ✓ Success - Loss: 0.6052292494895066

=== Aggregating Results ===

Results saved to: comparison_results
Plots: comparison_results/Tolstoi_RNN_*.png
