/var/spool/slurmd/job21645/slurm_script: line 15: cd: HeavyBall: No such file or directory
Current directory /home/tomjodrell/HeavyBall
CUDA_VISIBLE_DEVICES 1
/home/tomjodrell/HeavyBall/benchmark/benchmark_runner.py:289: UserWarning: No artists with labels found to put in legend.  Note that artists whose label start with an underscore are ignored when legend() is called with no argument.
  plt.legend()
Running comparison for Tolstoi_RNN
Optimizers: mars-AdamW
Runs per optimizer: 2
Steps per run: 27000
Optuna trials per run: 20

=== Running mars-AdamW ===
Run 1/2
running mars-AdamW
Running: python -m benchmark.Tolstoi_RNN --opt mars-AdamW --steps 27000 --trials 20 --runtime-limit 992500 --step-hint 27000
{'runtime': 34408.86881661415, 'attempts': 1, 'best_loss': 0.5976883557929767, 'loss_trajectory': [4.711516857147217, 1.9680896997451782, 1.6224076747894287, 1.5384631156921387, 1.5583075284957886, 1.5499850511550903, 1.5150816440582275, 1.444996953010559, 1.442569375038147, 1.4827319383621216, 1.4754101037979126, 1.4567363262176514, 1.4812589883804321, 1.3796708583831787, 1.4857513904571533, 1.3999974727630615, 1.3902504444122314, 1.4708322286605835, 1.3446093797683716, 1.3804656267166138, 1.432189702987671, 1.3828145265579224, 1.4227521419525146, 1.4515753984451294, 1.4349298477172852, 1.3554096221923828, 1.3938621282577515], 'test_accuracies': [0.04944845023812696, 0.4593908163866054, 0.5264662082813027, 0.5490103090227964, 0.5599653887031454, 0.5683108013894096, 0.5731108955866723, 0.5770675524514528, 0.5794976868994537, 0.5819812720968497, 0.5842610007839443, 0.5866131126307994, 0.5877964347575505, 0.5893509374796655, 0.5901959550951733, 0.5915631168139015, 0.5922646385334973, 0.5937620341650993, 0.5946935645297728, 0.5951550071732455, 0.59551438212483, 0.5961132474196457, 0.5966367549042999, 0.5971283468690255, 0.5974111245727813, 0.5976883557929767, 0.5976518853396214], 'grad_variances': [], 'config_str': '', 'mean_cond': 0.0, 'std_err_cond': None, 'memory_usage': None, 'steps': 27000, 'optimizer': 'mars-AdamW', 'seed': 42, 'trials': 20, 'log_file': 'comparison_results/run_mars-AdamW_42_1757284080846.log', 'success': True}
  ✓ Success - Loss: 0.5976883557929767
Run 2/2
running mars-AdamW
Running: python -m benchmark.Tolstoi_RNN --opt mars-AdamW --steps 27000 --trials 20 --runtime-limit 992500 --step-hint 27000
{'runtime': 11512.180114030838, 'attempts': 1, 'best_loss': 0.597513533110028, 'loss_trajectory': [4.709990501403809, 1.9483423233032227, 1.6788336038589478, 1.5518009662628174, 1.4975032806396484, 1.5202189683914185, 1.524538278579712, 1.4999237060546875, 1.4564948081970215, 1.407662272453308, 1.4522327184677124, 1.443406581878662, 1.4801465272903442, 1.448044776916504, 1.3881629705429077, 1.4295518398284912, 1.393338918685913, 1.3711206912994385, 1.4088298082351685, 1.426876187324524, 1.4592030048370361, 1.4113494157791138, 1.4148916006088257, 1.4117379188537598, 1.381752371788025, 1.3608460426330566, 1.360019564628601], 'test_accuracies': [0.03467078986263932, 0.4551413423729654, 0.5255769117551367, 0.5479169390847373, 0.5601525128049404, 0.5673819358157204, 0.5718482804351666, 0.5775927021910159, 0.5805991751542325, 0.5826658135204058, 0.5848671477750544, 0.5862203968059692, 0.5889101314733506, 0.5897303603355157, 0.590698423125428, 0.5928839545498208, 0.5931248702463692, 0.5934280057138076, 0.595073390202865, 0.5954555088356412, 0.5960967938846146, 0.5969657016611564, 0.5966962169263805, 0.5972260455431371, 0.5974524908049218, 0.597513533110028, 0.5974184682409591], 'grad_variances': [], 'config_str': '', 'mean_cond': 0.0, 'std_err_cond': None, 'memory_usage': None, 'steps': 27000, 'optimizer': 'mars-AdamW', 'seed': 43, 'trials': 20, 'log_file': 'comparison_results/run_mars-AdamW_43_1757318494734.log', 'success': True}
  ✓ Success - Loss: 0.597513533110028

=== Aggregating Results ===

Results saved to: comparison_results
Plots: comparison_results/Tolstoi_RNN_*.png
