/var/spool/slurmd/job20738/slurm_script: line 15: cd: HeavyBall: No such file or directory
Current directory /home/tomjodrell/HeavyBall
CUDA_VISIBLE_DEVICES 2
/home/tomjodrell/HeavyBall/benchmark/benchmark_runner.py:289: UserWarning: No artists with labels found to put in legend.  Note that artists whose label start with an underscore are ignored when legend() is called with no argument.
  plt.legend()
Running comparison for CIFAR100
Optimizers: NAdamW, SFAdamW, mars-AdamW, AdamW
Runs per optimizer: 1
Steps per run: 27000
Optuna trials per run: 5

=== Running NAdamW ===
Run 1/1
running NAdamW
Running: python -m benchmark.CIFAR100 --opt NAdamW --steps 27000 --trials 5 --runtime-limit 3600 --step-hint 27000
{'runtime': 13591.790689229965, 'attempts': 1, 'best_loss': 0.7345, 'loss_trajectory': [4.708698272705078, 2.5613131523132324, 1.812876582145691, 1.8049241304397583, 1.3036118745803833, 1.3171719312667847, 1.2738078832626343, 0.8789812922477722, 0.8415167927742004, 0.7894673347473145, 0.7042585015296936, 0.5164303183555603, 0.5042428970336914, 0.35078728199005127, 0.4308604598045349, 0.42734095454216003, 0.23619621992111206, 0.17777825891971588, 0.18158967792987823, 0.26064160466194153, 0.053950972855091095, 0.10707168281078339, 0.14963938295841217, 0.09094490110874176, 0.07994227856397629, 0.04083191603422165, 0.0644819587469101], 'test_accuracies': [0.008, 0.3439, 0.4797, 0.5245, 0.5558, 0.5994, 0.6124, 0.6392, 0.6452, 0.6668, 0.67, 0.6727, 0.6969, 0.6825, 0.6985, 0.6963, 0.705, 0.7061, 0.7074, 0.7161, 0.7238, 0.7224, 0.729, 0.7279, 0.7328, 0.733, 0.7345], 'grad_variances': [], 'config_str': '', 'mean_cond': 0.0, 'std_err_cond': None, 'memory_usage': None, 'steps': 27000, 'optimizer': 'NAdamW', 'seed': 42, 'trials': 5, 'log_file': 'comparison_results/run_NAdamW_42_1755463756392.log', 'success': True}
  ✓ Success - Loss: 0.7345

=== Running SFAdamW ===
Run 1/1
running SFAdamW
Running: python -m benchmark.CIFAR100 --opt SFAdamW --steps 27000 --trials 5 --runtime-limit 3600 --step-hint 27000
{'runtime': 11831.186700820923, 'attempts': 1, 'best_loss': 0.6955, 'loss_trajectory': [4.715573787689209, 2.344930648803711, 1.82926344871521, 1.2056082487106323, 1.052716612815857, 0.7953312397003174, 0.655605137348175, 0.41115909814834595, 0.5060628056526184, 0.33846428990364075, 0.2795381546020508, 0.3359021842479706, 0.24756471812725067, 0.28616827726364136, 0.14383988082408905, 0.21230441331863403, 0.1791311800479889, 0.18820886313915253, 0.11692579835653305, 0.2645089030265808, 0.1815670281648636, 0.11375146359205246, 0.11353660374879837, 0.1469370573759079, 0.14262539148330688, 0.1074208989739418, 0.14244583249092102], 'test_accuracies': [0.0075, 0.3913, 0.5531, 0.6064, 0.642, 0.6614, 0.6757, 0.6849, 0.6788, 0.6898, 0.6857, 0.6952, 0.6933, 0.6852, 0.6885, 0.6932, 0.6955, 0.6934, 0.6916, 0.6873, 0.6867, 0.695, 0.6925, 0.6897, 0.6902, 0.6881, 0.692], 'grad_variances': [], 'config_str': '', 'mean_cond': 0.0, 'std_err_cond': None, 'memory_usage': None, 'steps': 27000, 'optimizer': 'SFAdamW', 'seed': 42, 'trials': 5, 'log_file': 'comparison_results/run_SFAdamW_42_1755477353967.log', 'success': True}
  ✓ Success - Loss: 0.6955

=== Running mars-AdamW ===
Run 1/1
running mars-AdamW
Running: python -m benchmark.CIFAR100 --opt mars-AdamW --steps 27000 --trials 5 --runtime-limit 3600 --step-hint 27000
{'runtime': 12836.24368262291, 'attempts': 1, 'best_loss': 0.7353, 'loss_trajectory': [4.794269561767578, 2.8697845935821533, 2.395763874053955, 1.756335735321045, 1.6685489416122437, 1.4098870754241943, 1.2727011442184448, 0.9174282550811768, 1.0374902486801147, 0.9542169570922852, 0.8169525265693665, 0.7607381343841553, 0.6227585077285767, 0.6674290299415588, 0.4990178644657135, 0.5733880996704102, 0.38506314158439636, 0.36305248737335205, 0.3626860976219177, 0.34000012278556824, 0.23636876046657562, 0.1845857948064804, 0.20109079778194427, 0.138253852725029, 0.21219438314437866, 0.12939853966236115, 0.09024261683225632], 'test_accuracies': [0.0108, 0.2205, 0.432, 0.4835, 0.522, 0.5713, 0.5992, 0.6187, 0.6128, 0.6362, 0.6514, 0.6691, 0.6764, 0.6693, 0.6871, 0.6878, 0.707, 0.7078, 0.7135, 0.7194, 0.7229, 0.7289, 0.7306, 0.7293, 0.7323, 0.7353, 0.7349], 'grad_variances': [], 'config_str': '', 'mean_cond': 0.0, 'std_err_cond': None, 'memory_usage': None, 'steps': 27000, 'optimizer': 'mars-AdamW', 'seed': 42, 'trials': 5, 'log_file': 'comparison_results/run_mars-AdamW_42_1755489191002.log', 'success': True}
  ✓ Success - Loss: 0.7353

=== Running AdamW ===
Run 1/1
running AdamW
Running: python -m benchmark.CIFAR100 --opt AdamW --steps 27000 --trials 5 --runtime-limit 3600 --step-hint 27000
{'runtime': 12004.547699451447, 'attempts': 1, 'best_loss': 0.7377, 'loss_trajectory': [4.680908679962158, 2.8467252254486084, 2.3508965969085693, 1.7496639490127563, 1.6120749711990356, 1.3317393064498901, 1.19904363155365, 0.7928468585014343, 1.0624889135360718, 0.9842250943183899, 0.790000319480896, 0.6598892211914062, 0.6103021502494812, 0.7838196754455566, 0.5075602531433105, 0.6005789041519165, 0.42585450410842896, 0.3784513473510742, 0.29598045349121094, 0.38879457116127014, 0.24498748779296875, 0.1456858217716217, 0.1791074573993683, 0.18106745183467865, 0.18456321954727173, 0.12114766240119934, 0.11573532968759537], 'test_accuracies': [0.0102, 0.2616, 0.4114, 0.5006, 0.5361, 0.5774, 0.6095, 0.6269, 0.6206, 0.6241, 0.6555, 0.6505, 0.6812, 0.6778, 0.6896, 0.6945, 0.7074, 0.7047, 0.7181, 0.7249, 0.7246, 0.7299, 0.7308, 0.7347, 0.7362, 0.7377, 0.7355], 'grad_variances': [], 'config_str': '', 'mean_cond': 0.0, 'std_err_cond': None, 'memory_usage': None, 'steps': 27000, 'optimizer': 'AdamW', 'seed': 42, 'trials': 5, 'log_file': 'comparison_results/run_AdamW_42_1755502033344.log', 'success': True}
  ✓ Success - Loss: 0.7377

=== Aggregating Results ===

Results saved to: comparison_results
Plots: comparison_results/CIFAR100_*.png
